[02:34:30]项目名字：AddressableAESEncrypt
UnityEngine.Debug:Log (object,UnityEngine.Object)
LogInfo.Info:Log (string)
LogInfo.Info:Init (string)
Debuger:Init () (at Assets/Plugins/LrFramework/Engine/Common/Core/Debuger.cs:26)

[02:34:30]日志时间：20240904
UnityEngine.Debug:Log (object,UnityEngine.Object)
LogInfo.Info:Log (string)
LogInfo.Info:Init (string)
Debuger:Init () (at Assets/Plugins/LrFramework/Engine/Common/Core/Debuger.cs:26)

[02:34:30]本地日志地址：E:\SelfProject\LrLFramework/Log/20240904/023430.log
UnityEngine.Debug:Log (object,UnityEngine.Object)
LogInfo.Info:Log (string)
LogInfo.Info:Init (string)
Debuger:Init () (at Assets/Plugins/LrFramework/Engine/Common/Core/Debuger.cs:26)

[02:34:30]服务器日志地址：101.33.207.93
UnityEngine.Debug:Log (object,UnityEngine.Object)
LogInfo.Info:Log (string)
LogInfo.Info:Init (string)
Debuger:Init () (at Assets/Plugins/LrFramework/Engine/Common/Core/Debuger.cs:26)

[02:34:30]开启日志线程
UnityEngine.Debug:Log (object,UnityEngine.Object)
LogInfo.Info:Log (string)
LogInfo.Info:Init (string)
Debuger:Init () (at Assets/Plugins/LrFramework/Engine/Common/Core/Debuger.cs:26)


[02:34:30]Scene Main is loaded
UnityEngine.Debug:Log (object)
Reporter:_OnLevelWasLoaded (UnityEngine.SceneManagement.Scene,UnityEngine.SceneManagement.LoadSceneMode) (at Assets/Plugins/UnityLogViewer/Reporter/Reporter.cs:2055)
UnityEngine.SceneManagement.SceneManager:Internal_SceneLoaded (UnityEngine.SceneManagement.Scene,UnityEngine.SceneManagement.LoadSceneMode)

[02:34:30]当前场景：Main
UnityEngine.Debug:Log (object)
ExtendUpdate:Awake () (at Assets/Plugins/LrFramework/Engine/Common/Core/Extend/ExtendUpdate.cs:43)
UnityEngine.GameObject:AddComponent<ExtendUpdate> ()
ExtendUpdate:get_instance () (at Assets/Plugins/LrFramework/Engine/Common/Core/Extend/ExtendUpdate.cs:20)
ExtendUpdate:Init () (at Assets/Plugins/LrFramework/Engine/Common/Core/Extend/ExtendUpdate.cs:31)

[02:34:30]实例化：ExtendUpdate (ExtendUpdate)
UnityEngine.Debug:Log (object)
ExtendUpdate:Init () (at Assets/Plugins/LrFramework/Engine/Common/Core/Extend/ExtendUpdate.cs:31)

[02:34:30]实例化：InputMethod (InputMethod)
UnityEngine.Debug:Log (object)
InputMethod:StartInit () (at Assets/Plugins/LrFramework/Engine/Common/Core/Extend/InputMethod.cs:32)

[02:34:31]need Updates:0
UnityEngine.Debug:Log (object)
CheckUpdateCatalog/<CheckUpdte>d__3:MoveNext () (at Assets/Scripts/BuildIn/Engine/CheckUpdateCatalog.cs:38)
UnityEngine.UnitySynchronizationContext:ExecuteTasks ()

[02:34:31]<color=#00ffff><color=yellow>[自主输出]  </color>=======启动流程逻辑=======</color>
UnityEngine.Debug:Log (object,UnityEngine.Object)
LogInfo.Info:LogCyan (object,UnityEngine.Object)
Debuger:Log (string) (at Assets/Plugins/LrFramework/Engine/Common/Core/Debuger.cs:44)
MainStep:Awake () (at Assets/Scripts/Hotfix/FlowSystem/MainStep.cs:13)
UnityEngine.GameObject:.ctor (string,System.Type[])
Program:Main () (at Assets/Scripts/Hotfix/FlowSystem/Program.cs:27)
UnityEngine.Events.UnityEvent:Invoke ()
MainLogic/<Start>d__1:MoveNext () (at Assets/Scripts/BuildIn/Engine/MainLogic.cs:26)
System.Runtime.CompilerServices.AsyncTaskMethodBuilder:SetResult ()
CheckUpdateCatalog/<CheckUpdte>d__3:MoveNext () (at Assets/Scripts/BuildIn/Engine/CheckUpdateCatalog.cs:47)
UnityEngine.UnitySynchronizationContext:ExecuteTasks ()

[02:34:31]需要处理的流程：5
UnityEngine.Debug:Log (object)
Flow.FlowGame:GetLayerFlow (int) (at Assets/Scripts/Hotfix/FlowSystem/FlowGame.cs:30)
MainStep/<StartFlow>d__1:MoveNext () (at Assets/Scripts/Hotfix/FlowSystem/MainStep.cs:24)
System.Runtime.CompilerServices.AsyncVoidMethodBuilder:Start<MainStep/<StartFlow>d__1> (MainStep/<StartFlow>d__1&)
MainStep:StartFlow ()
MainStep:Awake () (at Assets/Scripts/Hotfix/FlowSystem/MainStep.cs:15)
UnityEngine.GameObject:.ctor (string,System.Type[])
Program:Main () (at Assets/Scripts/Hotfix/FlowSystem/Program.cs:27)
UnityEngine.Events.UnityEvent:Invoke ()
MainLogic/<Start>d__1:MoveNext () (at Assets/Scripts/BuildIn/Engine/MainLogic.cs:26)
System.Runtime.CompilerServices.AsyncTaskMethodBuilder:SetResult ()
CheckUpdateCatalog/<CheckUpdte>d__3:MoveNext () (at Assets/Scripts/BuildIn/Engine/CheckUpdateCatalog.cs:47)
UnityEngine.UnitySynchronizationContext:ExecuteTasks ()

[02:34:31]处理流程逻辑前事件
UnityEngine.Debug:Log (object)
Flow.FlowAppend:Prefix () (at Assets/Scripts/Hotfix/FlowSystem/FlowAppend.cs:25)
MainStep/<StartFlow>d__1:MoveNext () (at Assets/Scripts/Hotfix/FlowSystem/MainStep.cs:26)
System.Runtime.CompilerServices.AsyncVoidMethodBuilder:Start<MainStep/<StartFlow>d__1> (MainStep/<StartFlow>d__1&)
MainStep:StartFlow ()
MainStep:Awake () (at Assets/Scripts/Hotfix/FlowSystem/MainStep.cs:15)
UnityEngine.GameObject:.ctor (string,System.Type[])
Program:Main () (at Assets/Scripts/Hotfix/FlowSystem/Program.cs:27)
UnityEngine.Events.UnityEvent:Invoke ()
MainLogic/<Start>d__1:MoveNext () (at Assets/Scripts/BuildIn/Engine/MainLogic.cs:26)
System.Runtime.CompilerServices.AsyncTaskMethodBuilder:SetResult ()
CheckUpdateCatalog/<CheckUpdte>d__3:MoveNext () (at Assets/Scripts/BuildIn/Engine/CheckUpdateCatalog.cs:47)
UnityEngine.UnitySynchronizationContext:ExecuteTasks ()

[02:34:31]BaseSettingAppend Prefix
UnityEngine.Debug:Log (object)
BaseSettingAppend:Prefix () (at Assets/Scripts/Hotfix/FlowSystem/Append/BaseSettingAppend.cs:23)
Flow.FlowAppend:Prefix () (at Assets/Scripts/Hotfix/FlowSystem/FlowAppend.cs:28)
MainStep/<StartFlow>d__1:MoveNext () (at Assets/Scripts/Hotfix/FlowSystem/MainStep.cs:26)
System.Runtime.CompilerServices.AsyncVoidMethodBuilder:Start<MainStep/<StartFlow>d__1> (MainStep/<StartFlow>d__1&)
MainStep:StartFlow ()
MainStep:Awake () (at Assets/Scripts/Hotfix/FlowSystem/MainStep.cs:15)
UnityEngine.GameObject:.ctor (string,System.Type[])
Program:Main () (at Assets/Scripts/Hotfix/FlowSystem/Program.cs:27)
UnityEngine.Events.UnityEvent:Invoke ()
MainLogic/<Start>d__1:MoveNext () (at Assets/Scripts/BuildIn/Engine/MainLogic.cs:26)
System.Runtime.CompilerServices.AsyncTaskMethodBuilder:SetResult ()
CheckUpdateCatalog/<CheckUpdte>d__3:MoveNext () (at Assets/Scripts/BuildIn/Engine/CheckUpdateCatalog.cs:47)
UnityEngine.UnitySynchronizationContext:ExecuteTasks ()

[02:34:31]linker缓存文件夹:C:/Users/unityLR/AppData/LocalLow/DefaultCompany/AddressableAESEncrypt/AssetLinker
UnityEngine.Debug:Log (object)
AssetLoader/<Init>d__6:MoveNext () (at Assets/Plugins/LrFramework/Engine/Common/AssetLoader/AssetLoader.cs:59)
System.Runtime.CompilerServices.AsyncTaskMethodBuilder:Start<AssetLoader/<Init>d__6> (AssetLoader/<Init>d__6&)
AssetLoader:Init ()
LinkerFlow/<Logic>d__4:MoveNext () (at Assets/Scripts/Hotfix/FlowSystem/Flow/LinkerFlow.cs:15)
System.Runtime.CompilerServices.AsyncTaskMethodBuilder:Start<LinkerFlow/<Logic>d__4> (LinkerFlow/<Logic>d__4&)
LinkerFlow:Logic ()
Flow.StepMachine/<StartSync>d__5:MoveNext () (at Assets/Scripts/Hotfix/FlowSystem/FlowTask.cs:85)
System.Runtime.CompilerServices.AsyncTaskMethodBuilder:Start<Flow.StepMachine/<StartSync>d__5> (Flow.StepMachine/<StartSync>d__5&)
Flow.StepMachine:StartSync (UnityEngine.Events.UnityAction)
Flow.FlowGame/<StartSync>d__10:MoveNext () (at Assets/Scripts/Hotfix/FlowSystem/FlowGame.cs:57)
System.Runtime.CompilerServices.AsyncTaskMethodBuilder:Start<Flow.FlowGame/<StartSync>d__10> (Flow.FlowGame/<StartSync>d__10&)
Flow.FlowGame:StartSync (UnityEngine.Events.UnityAction)
MainStep/<StartFlow>d__1:MoveNext () (at Assets/Scripts/Hotfix/FlowSystem/MainStep.cs:28)
System.Runtime.CompilerServices.AsyncVoidMethodBuilder:Start<MainStep/<StartFlow>d__1> (MainStep/<StartFlow>d__1&)
MainStep:StartFlow ()
MainStep:Awake () (at Assets/Scripts/Hotfix/FlowSystem/MainStep.cs:15)
UnityEngine.GameObject:.ctor (string,System.Type[])
Program:Main () (at Assets/Scripts/Hotfix/FlowSystem/Program.cs:27)
UnityEngine.Events.UnityEvent:Invoke ()
MainLogic/<Start>d__1:MoveNext () (at Assets/Scripts/BuildIn/Engine/MainLogic.cs:26)
System.Runtime.CompilerServices.AsyncTaskMethodBuilder:SetResult ()
CheckUpdateCatalog/<CheckUpdte>d__3:MoveNext () (at Assets/Scripts/BuildIn/Engine/CheckUpdateCatalog.cs:47)
UnityEngine.UnitySynchronizationContext:ExecuteTasks ()

[02:34:31]读取cache的配置文件:C:/Users/unityLR/AppData/LocalLow/DefaultCompany/AddressableAESEncrypt/AssetLinker/AssetLinker.json
UnityEngine.Debug:Log (object)
AssetLoader/<Init>d__6:MoveNext () (at Assets/Plugins/LrFramework/Engine/Common/AssetLoader/AssetLoader.cs:88)
System.Runtime.CompilerServices.AsyncTaskMethodBuilder:Start<AssetLoader/<Init>d__6> (AssetLoader/<Init>d__6&)
AssetLoader:Init ()
LinkerFlow/<Logic>d__4:MoveNext () (at Assets/Scripts/Hotfix/FlowSystem/Flow/LinkerFlow.cs:15)
System.Runtime.CompilerServices.AsyncTaskMethodBuilder:Start<LinkerFlow/<Logic>d__4> (LinkerFlow/<Logic>d__4&)
LinkerFlow:Logic ()
Flow.StepMachine/<StartSync>d__5:MoveNext () (at Assets/Scripts/Hotfix/FlowSystem/FlowTask.cs:85)
System.Runtime.CompilerServices.AsyncTaskMethodBuilder:Start<Flow.StepMachine/<StartSync>d__5> (Flow.StepMachine/<StartSync>d__5&)
Flow.StepMachine:StartSync (UnityEngine.Events.UnityAction)
Flow.FlowGame/<StartSync>d__10:MoveNext () (at Assets/Scripts/Hotfix/FlowSystem/FlowGame.cs:57)
System.Runtime.CompilerServices.AsyncTaskMethodBuilder:Start<Flow.FlowGame/<StartSync>d__10> (Flow.FlowGame/<StartSync>d__10&)
Flow.FlowGame:StartSync (UnityEngine.Events.UnityAction)
MainStep/<StartFlow>d__1:MoveNext () (at Assets/Scripts/Hotfix/FlowSystem/MainStep.cs:28)
System.Runtime.CompilerServices.AsyncVoidMethodBuilder:Start<MainStep/<StartFlow>d__1> (MainStep/<StartFlow>d__1&)
MainStep:StartFlow ()
MainStep:Awake () (at Assets/Scripts/Hotfix/FlowSystem/MainStep.cs:15)
UnityEngine.GameObject:.ctor (string,System.Type[])
Program:Main () (at Assets/Scripts/Hotfix/FlowSystem/Program.cs:27)
UnityEngine.Events.UnityEvent:Invoke ()
MainLogic/<Start>d__1:MoveNext () (at Assets/Scripts/BuildIn/Engine/MainLogic.cs:26)
System.Runtime.CompilerServices.AsyncTaskMethodBuilder:SetResult ()
CheckUpdateCatalog/<CheckUpdte>d__3:MoveNext () (at Assets/Scripts/BuildIn/Engine/CheckUpdateCatalog.cs:47)
UnityEngine.UnitySynchronizationContext:ExecuteTasks ()

[02:34:31]New linker found: Table/enemy.bytes
UnityEngine.Debug:Log (object)
AssetLoader/<Init>d__6:MoveNext () (at Assets/Plugins/LrFramework/Engine/Common/AssetLoader/AssetLoader.cs:135)
System.Runtime.CompilerServices.AsyncTaskMethodBuilder:Start<AssetLoader/<Init>d__6> (AssetLoader/<Init>d__6&)
AssetLoader:Init ()
LinkerFlow/<Logic>d__4:MoveNext () (at Assets/Scripts/Hotfix/FlowSystem/Flow/LinkerFlow.cs:15)
System.Runtime.CompilerServices.AsyncTaskMethodBuilder:Start<LinkerFlow/<Logic>d__4> (LinkerFlow/<Logic>d__4&)
LinkerFlow:Logic ()
Flow.StepMachine/<StartSync>d__5:MoveNext () (at Assets/Scripts/Hotfix/FlowSystem/FlowTask.cs:85)
System.Runtime.CompilerServices.AsyncTaskMethodBuilder:Start<Flow.StepMachine/<StartSync>d__5> (Flow.StepMachine/<StartSync>d__5&)
Flow.StepMachine:StartSync (UnityEngine.Events.UnityAction)
Flow.FlowGame/<StartSync>d__10:MoveNext () (at Assets/Scripts/Hotfix/FlowSystem/FlowGame.cs:57)
System.Runtime.CompilerServices.AsyncTaskMethodBuilder:Start<Flow.FlowGame/<StartSync>d__10> (Flow.FlowGame/<StartSync>d__10&)
Flow.FlowGame:StartSync (UnityEngine.Events.UnityAction)
MainStep/<StartFlow>d__1:MoveNext () (at Assets/Scripts/Hotfix/FlowSystem/MainStep.cs:28)
System.Runtime.CompilerServices.AsyncVoidMethodBuilder:Start<MainStep/<StartFlow>d__1> (MainStep/<StartFlow>d__1&)
MainStep:StartFlow ()
MainStep:Awake () (at Assets/Scripts/Hotfix/FlowSystem/MainStep.cs:15)
UnityEngine.GameObject:.ctor (string,System.Type[])
Program:Main () (at Assets/Scripts/Hotfix/FlowSystem/Program.cs:27)
UnityEngine.Events.UnityEvent:Invoke ()
MainLogic/<Start>d__1:MoveNext () (at Assets/Scripts/BuildIn/Engine/MainLogic.cs:26)
System.Runtime.CompilerServices.AsyncTaskMethodBuilder:SetResult ()
CheckUpdateCatalog/<CheckUpdte>d__3:MoveNext () (at Assets/Scripts/BuildIn/Engine/CheckUpdateCatalog.cs:47)
UnityEngine.UnitySynchronizationContext:ExecuteTasks ()

[02:34:31]New linker found: Table/energy.bytes
UnityEngine.Debug:Log (object)
AssetLoader/<Init>d__6:MoveNext () (at Assets/Plugins/LrFramework/Engine/Common/AssetLoader/AssetLoader.cs:135)
System.Runtime.CompilerServices.AsyncTaskMethodBuilder:Start<AssetLoader/<Init>d__6> (AssetLoader/<Init>d__6&)
AssetLoader:Init ()
LinkerFlow/<Logic>d__4:MoveNext () (at Assets/Scripts/Hotfix/FlowSystem/Flow/LinkerFlow.cs:15)
System.Runtime.CompilerServices.AsyncTaskMethodBuilder:Start<LinkerFlow/<Logic>d__4> (LinkerFlow/<Logic>d__4&)
LinkerFlow:Logic ()
Flow.StepMachine/<StartSync>d__5:MoveNext () (at Assets/Scripts/Hotfix/FlowSystem/FlowTask.cs:85)
System.Runtime.CompilerServices.AsyncTaskMethodBuilder:Start<Flow.StepMachine/<StartSync>d__5> (Flow.StepMachine/<StartSync>d__5&)
Flow.StepMachine:StartSync (UnityEngine.Events.UnityAction)
Flow.FlowGame/<StartSync>d__10:MoveNext () (at Assets/Scripts/Hotfix/FlowSystem/FlowGame.cs:57)
System.Runtime.CompilerServices.AsyncTaskMethodBuilder:Start<Flow.FlowGame/<StartSync>d__10> (Flow.FlowGame/<StartSync>d__10&)
Flow.FlowGame:StartSync (UnityEngine.Events.UnityAction)
MainStep/<StartFlow>d__1:MoveNext () (at Assets/Scripts/Hotfix/FlowSystem/MainStep.cs:28)
System.Runtime.CompilerServices.AsyncVoidMethodBuilder:Start<MainStep/<StartFlow>d__1> (MainStep/<StartFlow>d__1&)
MainStep:StartFlow ()
MainStep:Awake () (at Assets/Scripts/Hotfix/FlowSystem/MainStep.cs:15)
UnityEngine.GameObject:.ctor (string,System.Type[])
Program:Main () (at Assets/Scripts/Hotfix/FlowSystem/Program.cs:27)
UnityEngine.Events.UnityEvent:Invoke ()
MainLogic/<Start>d__1:MoveNext () (at Assets/Scripts/BuildIn/Engine/MainLogic.cs:26)
System.Runtime.CompilerServices.AsyncTaskMethodBuilder:SetResult ()
CheckUpdateCatalog/<CheckUpdte>d__3:MoveNext () (at Assets/Scripts/BuildIn/Engine/CheckUpdateCatalog.cs:47)
UnityEngine.UnitySynchronizationContext:ExecuteTasks ()

[02:34:31]New linker found: Table/party.bytes
UnityEngine.Debug:Log (object)
AssetLoader/<Init>d__6:MoveNext () (at Assets/Plugins/LrFramework/Engine/Common/AssetLoader/AssetLoader.cs:135)
System.Runtime.CompilerServices.AsyncTaskMethodBuilder:Start<AssetLoader/<Init>d__6> (AssetLoader/<Init>d__6&)
AssetLoader:Init ()
LinkerFlow/<Logic>d__4:MoveNext () (at Assets/Scripts/Hotfix/FlowSystem/Flow/LinkerFlow.cs:15)
System.Runtime.CompilerServices.AsyncTaskMethodBuilder:Start<LinkerFlow/<Logic>d__4> (LinkerFlow/<Logic>d__4&)
LinkerFlow:Logic ()
Flow.StepMachine/<StartSync>d__5:MoveNext () (at Assets/Scripts/Hotfix/FlowSystem/FlowTask.cs:85)
System.Runtime.CompilerServices.AsyncTaskMethodBuilder:Start<Flow.StepMachine/<StartSync>d__5> (Flow.StepMachine/<StartSync>d__5&)
Flow.StepMachine:StartSync (UnityEngine.Events.UnityAction)
Flow.FlowGame/<StartSync>d__10:MoveNext () (at Assets/Scripts/Hotfix/FlowSystem/FlowGame.cs:57)
System.Runtime.CompilerServices.AsyncTaskMethodBuilder:Start<Flow.FlowGame/<StartSync>d__10> (Flow.FlowGame/<StartSync>d__10&)
Flow.FlowGame:StartSync (UnityEngine.Events.UnityAction)
MainStep/<StartFlow>d__1:MoveNext () (at Assets/Scripts/Hotfix/FlowSystem/MainStep.cs:28)
System.Runtime.CompilerServices.AsyncVoidMethodBuilder:Start<MainStep/<StartFlow>d__1> (MainStep/<StartFlow>d__1&)
MainStep:StartFlow ()
MainStep:Awake () (at Assets/Scripts/Hotfix/FlowSystem/MainStep.cs:15)
UnityEngine.GameObject:.ctor (string,System.Type[])
Program:Main () (at Assets/Scripts/Hotfix/FlowSystem/Program.cs:27)
UnityEngine.Events.UnityEvent:Invoke ()
MainLogic/<Start>d__1:MoveNext () (at Assets/Scripts/BuildIn/Engine/MainLogic.cs:26)
System.Runtime.CompilerServices.AsyncTaskMethodBuilder:SetResult ()
CheckUpdateCatalog/<CheckUpdte>d__3:MoveNext () (at Assets/Scripts/BuildIn/Engine/CheckUpdateCatalog.cs:47)
UnityEngine.UnitySynchronizationContext:ExecuteTasks ()

[02:34:31]New linker found: Table/shareTable.bytes
UnityEngine.Debug:Log (object)
AssetLoader/<Init>d__6:MoveNext () (at Assets/Plugins/LrFramework/Engine/Common/AssetLoader/AssetLoader.cs:135)
System.Runtime.CompilerServices.AsyncTaskMethodBuilder:Start<AssetLoader/<Init>d__6> (AssetLoader/<Init>d__6&)
AssetLoader:Init ()
LinkerFlow/<Logic>d__4:MoveNext () (at Assets/Scripts/Hotfix/FlowSystem/Flow/LinkerFlow.cs:15)
System.Runtime.CompilerServices.AsyncTaskMethodBuilder:Start<LinkerFlow/<Logic>d__4> (LinkerFlow/<Logic>d__4&)
LinkerFlow:Logic ()
Flow.StepMachine/<StartSync>d__5:MoveNext () (at Assets/Scripts/Hotfix/FlowSystem/FlowTask.cs:85)
System.Runtime.CompilerServices.AsyncTaskMethodBuilder:Start<Flow.StepMachine/<StartSync>d__5> (Flow.StepMachine/<StartSync>d__5&)
Flow.StepMachine:StartSync (UnityEngine.Events.UnityAction)
Flow.FlowGame/<StartSync>d__10:MoveNext () (at Assets/Scripts/Hotfix/FlowSystem/FlowGame.cs:57)
System.Runtime.CompilerServices.AsyncTaskMethodBuilder:Start<Flow.FlowGame/<StartSync>d__10> (Flow.FlowGame/<StartSync>d__10&)
Flow.FlowGame:StartSync (UnityEngine.Events.UnityAction)
MainStep/<StartFlow>d__1:MoveNext () (at Assets/Scripts/Hotfix/FlowSystem/MainStep.cs:28)
System.Runtime.CompilerServices.AsyncVoidMethodBuilder:Start<MainStep/<StartFlow>d__1> (MainStep/<StartFlow>d__1&)
MainStep:StartFlow ()
MainStep:Awake () (at Assets/Scripts/Hotfix/FlowSystem/MainStep.cs:15)
UnityEngine.GameObject:.ctor (string,System.Type[])
Program:Main () (at Assets/Scripts/Hotfix/FlowSystem/Program.cs:27)
UnityEngine.Events.UnityEvent:Invoke ()
MainLogic/<Start>d__1:MoveNext () (at Assets/Scripts/BuildIn/Engine/MainLogic.cs:26)
System.Runtime.CompilerServices.AsyncTaskMethodBuilder:SetResult ()
CheckUpdateCatalog/<CheckUpdte>d__3:MoveNext () (at Assets/Scripts/BuildIn/Engine/CheckUpdateCatalog.cs:47)
UnityEngine.UnitySynchronizationContext:ExecuteTasks ()

[02:34:31]New linker found: Table/taskSystem.bytes
UnityEngine.Debug:Log (object)
AssetLoader/<Init>d__6:MoveNext () (at Assets/Plugins/LrFramework/Engine/Common/AssetLoader/AssetLoader.cs:135)
System.Runtime.CompilerServices.AsyncTaskMethodBuilder:Start<AssetLoader/<Init>d__6> (AssetLoader/<Init>d__6&)
AssetLoader:Init ()
LinkerFlow/<Logic>d__4:MoveNext () (at Assets/Scripts/Hotfix/FlowSystem/Flow/LinkerFlow.cs:15)
System.Runtime.CompilerServices.AsyncTaskMethodBuilder:Start<LinkerFlow/<Logic>d__4> (LinkerFlow/<Logic>d__4&)
LinkerFlow:Logic ()
Flow.StepMachine/<StartSync>d__5:MoveNext () (at Assets/Scripts/Hotfix/FlowSystem/FlowTask.cs:85)
System.Runtime.CompilerServices.AsyncTaskMethodBuilder:Start<Flow.StepMachine/<StartSync>d__5> (Flow.StepMachine/<StartSync>d__5&)
Flow.StepMachine:StartSync (UnityEngine.Events.UnityAction)
Flow.FlowGame/<StartSync>d__10:MoveNext () (at Assets/Scripts/Hotfix/FlowSystem/FlowGame.cs:57)
System.Runtime.CompilerServices.AsyncTaskMethodBuilder:Start<Flow.FlowGame/<StartSync>d__10> (Flow.FlowGame/<StartSync>d__10&)
Flow.FlowGame:StartSync (UnityEngine.Events.UnityAction)
MainStep/<StartFlow>d__1:MoveNext () (at Assets/Scripts/Hotfix/FlowSystem/MainStep.cs:28)
System.Runtime.CompilerServices.AsyncVoidMethodBuilder:Start<MainStep/<StartFlow>d__1> (MainStep/<StartFlow>d__1&)
MainStep:StartFlow ()
MainStep:Awake () (at Assets/Scripts/Hotfix/FlowSystem/MainStep.cs:15)
UnityEngine.GameObject:.ctor (string,System.Type[])
Program:Main () (at Assets/Scripts/Hotfix/FlowSystem/Program.cs:27)
UnityEngine.Events.UnityEvent:Invoke ()
MainLogic/<Start>d__1:MoveNext () (at Assets/Scripts/BuildIn/Engine/MainLogic.cs:26)
System.Runtime.CompilerServices.AsyncTaskMethodBuilder:SetResult ()
CheckUpdateCatalog/<CheckUpdte>d__3:MoveNext () (at Assets/Scripts/BuildIn/Engine/CheckUpdateCatalog.cs:47)
UnityEngine.UnitySynchronizationContext:ExecuteTasks ()

[02:34:31]New linker found: Table/ultimateTable.bytes
UnityEngine.Debug:Log (object)
AssetLoader/<Init>d__6:MoveNext () (at Assets/Plugins/LrFramework/Engine/Common/AssetLoader/AssetLoader.cs:135)
System.Runtime.CompilerServices.AsyncTaskMethodBuilder:Start<AssetLoader/<Init>d__6> (AssetLoader/<Init>d__6&)
AssetLoader:Init ()
LinkerFlow/<Logic>d__4:MoveNext () (at Assets/Scripts/Hotfix/FlowSystem/Flow/LinkerFlow.cs:15)
System.Runtime.CompilerServices.AsyncTaskMethodBuilder:Start<LinkerFlow/<Logic>d__4> (LinkerFlow/<Logic>d__4&)
LinkerFlow:Logic ()
Flow.StepMachine/<StartSync>d__5:MoveNext () (at Assets/Scripts/Hotfix/FlowSystem/FlowTask.cs:85)
System.Runtime.CompilerServices.AsyncTaskMethodBuilder:Start<Flow.StepMachine/<StartSync>d__5> (Flow.StepMachine/<StartSync>d__5&)
Flow.StepMachine:StartSync (UnityEngine.Events.UnityAction)
Flow.FlowGame/<StartSync>d__10:MoveNext () (at Assets/Scripts/Hotfix/FlowSystem/FlowGame.cs:57)
System.Runtime.CompilerServices.AsyncTaskMethodBuilder:Start<Flow.FlowGame/<StartSync>d__10> (Flow.FlowGame/<StartSync>d__10&)
Flow.FlowGame:StartSync (UnityEngine.Events.UnityAction)
MainStep/<StartFlow>d__1:MoveNext () (at Assets/Scripts/Hotfix/FlowSystem/MainStep.cs:28)
System.Runtime.CompilerServices.AsyncVoidMethodBuilder:Start<MainStep/<StartFlow>d__1> (MainStep/<StartFlow>d__1&)
MainStep:StartFlow ()
MainStep:Awake () (at Assets/Scripts/Hotfix/FlowSystem/MainStep.cs:15)
UnityEngine.GameObject:.ctor (string,System.Type[])
Program:Main () (at Assets/Scripts/Hotfix/FlowSystem/Program.cs:27)
UnityEngine.Events.UnityEvent:Invoke ()
MainLogic/<Start>d__1:MoveNext () (at Assets/Scripts/BuildIn/Engine/MainLogic.cs:26)
System.Runtime.CompilerServices.AsyncTaskMethodBuilder:SetResult ()
CheckUpdateCatalog/<CheckUpdte>d__3:MoveNext () (at Assets/Scripts/BuildIn/Engine/CheckUpdateCatalog.cs:47)
UnityEngine.UnitySynchronizationContext:ExecuteTasks ()

[02:34:31]进度：0.2
UnityEngine.Debug:Log (object)
MainStep/<>c:<StartFlow>b__1_0 () (at Assets/Scripts/Hotfix/FlowSystem/MainStep.cs:30)
Flow.StepMachine/<StartSync>d__5:MoveNext () (at Assets/Scripts/Hotfix/FlowSystem/FlowTask.cs:87)
System.Runtime.CompilerServices.AsyncTaskMethodBuilder:SetResult ()
LinkerFlow/<Logic>d__4:MoveNext () (at Assets/Scripts/Hotfix/FlowSystem/Flow/LinkerFlow.cs:16)
System.Runtime.CompilerServices.AsyncTaskMethodBuilder:SetResult ()
AssetLoader/<Init>d__6:MoveNext () (at Assets/Plugins/LrFramework/Engine/Common/AssetLoader/AssetLoader.cs:175)
System.Runtime.CompilerServices.AsyncTaskMethodBuilder:SetResult ()
AssetLoader/<Stream2Cache>d__7:MoveNext () (at Assets/Plugins/LrFramework/Engine/Common/AssetLoader/AssetLoader.cs:208)
System.Runtime.CompilerServices.AsyncMethodBuilderCore/MoveNextRunner:Run ()
IEnumeratorAwaitExtensions:RunOnUnityScheduler (System.Action) (at Assets/Plugins/LrFramework/Engine/Async_UniRx/Source/IEnumeratorAwaitExtensions.cs:124)
IEnumeratorAwaitExtensions/SimpleCoroutineAwaiter`1<UnityEngine.AsyncOperation>:Complete (UnityEngine.AsyncOperation,System.Exception) (at Assets/Plugins/LrFramework/Engine/Async_UniRx/Source/IEnumeratorAwaitExtensions.cs:176)
IEnumeratorAwaitExtensions/InstructionWrappers/<ReturnSelf>d__2`1<UnityEngine.AsyncOperation>:MoveNext () (at Assets/Plugins/LrFramework/Engine/Async_UniRx/Source/IEnumeratorAwaitExtensions.cs:382)
UnityEngine.SetupCoroutine:InvokeMoveNext (System.Collections.IEnumerator,intptr)

[02:34:31]加载场景
UnityEngine.Debug:Log (object)
SceneFlow/<Logic>d__4:MoveNext () (at Assets/Scripts/Hotfix/FlowSystem/Flow/SceneFlow.cs:16)
System.Runtime.CompilerServices.AsyncTaskMethodBuilder:Start<SceneFlow/<Logic>d__4> (SceneFlow/<Logic>d__4&)
SceneFlow:Logic ()
Flow.StepMachine/<StartSync>d__5:MoveNext () (at Assets/Scripts/Hotfix/FlowSystem/FlowTask.cs:85)
System.Runtime.CompilerServices.AsyncTaskMethodBuilder:SetResult ()
LinkerFlow/<Logic>d__4:MoveNext () (at Assets/Scripts/Hotfix/FlowSystem/Flow/LinkerFlow.cs:16)
System.Runtime.CompilerServices.AsyncTaskMethodBuilder:SetResult ()
AssetLoader/<Init>d__6:MoveNext () (at Assets/Plugins/LrFramework/Engine/Common/AssetLoader/AssetLoader.cs:175)
System.Runtime.CompilerServices.AsyncTaskMethodBuilder:SetResult ()
AssetLoader/<Stream2Cache>d__7:MoveNext () (at Assets/Plugins/LrFramework/Engine/Common/AssetLoader/AssetLoader.cs:208)
System.Runtime.CompilerServices.AsyncMethodBuilderCore/MoveNextRunner:Run ()
IEnumeratorAwaitExtensions:RunOnUnityScheduler (System.Action) (at Assets/Plugins/LrFramework/Engine/Async_UniRx/Source/IEnumeratorAwaitExtensions.cs:124)
IEnumeratorAwaitExtensions/SimpleCoroutineAwaiter`1<UnityEngine.AsyncOperation>:Complete (UnityEngine.AsyncOperation,System.Exception) (at Assets/Plugins/LrFramework/Engine/Async_UniRx/Source/IEnumeratorAwaitExtensions.cs:176)
IEnumeratorAwaitExtensions/InstructionWrappers/<ReturnSelf>d__2`1<UnityEngine.AsyncOperation>:MoveNext () (at Assets/Plugins/LrFramework/Engine/Async_UniRx/Source/IEnumeratorAwaitExtensions.cs:382)
UnityEngine.SetupCoroutine:InvokeMoveNext (System.Collections.IEnumerator,intptr)

[02:34:31]对象池类型数量：0
UnityEngine.Debug:Log (object)
PoolMgr:SetSortArray () (at Assets/Plugins/LrFramework/Engine/Common/Pool/Engine/PoolMgr.cs:47)
PoolMgr:Awake () (at Assets/Plugins/LrFramework/Engine/Common/Pool/Engine/PoolMgr.cs:41)

[02:34:31]Scene hotfix is loaded
UnityEngine.Debug:Log (object)
Reporter:_OnLevelWasLoaded (UnityEngine.SceneManagement.Scene,UnityEngine.SceneManagement.LoadSceneMode) (at Assets/Plugins/UnityLogViewer/Reporter/Reporter.cs:2055)
UnityEngine.SceneManagement.SceneManager:Internal_SceneLoaded (UnityEngine.SceneManagement.Scene,UnityEngine.SceneManagement.LoadSceneMode)

[02:34:31]改变场景：Main
UnityEngine.Debug:Log (object)
ExtendUpdate:SceneManager_sceneLoaded (UnityEngine.SceneManagement.Scene,UnityEngine.SceneManagement.LoadSceneMode) (at Assets/Plugins/LrFramework/Engine/Common/Core/Extend/ExtendUpdate.cs:51)
UnityEngine.SceneManagement.SceneManager:Internal_SceneLoaded (UnityEngine.SceneManagement.Scene,UnityEngine.SceneManagement.LoadSceneMode)


[02:34:33]进度：0.4
UnityEngine.Debug:Log (object)
MainStep/<>c:<StartFlow>b__1_0 () (at Assets/Scripts/Hotfix/FlowSystem/MainStep.cs:30)
Flow.StepMachine/<StartSync>d__5:MoveNext () (at Assets/Scripts/Hotfix/FlowSystem/FlowTask.cs:87)
System.Runtime.CompilerServices.AsyncTaskMethodBuilder:SetResult ()
SceneFlow/<Logic>d__4:MoveNext () (at Assets/Scripts/Hotfix/FlowSystem/Flow/SceneFlow.cs:21)
UnityEngine.UnitySynchronizationContext:ExecuteTasks ()

[02:34:33]进度：0.6
UnityEngine.Debug:Log (object)
MainStep/<>c:<StartFlow>b__1_0 () (at Assets/Scripts/Hotfix/FlowSystem/MainStep.cs:30)
Flow.StepMachine/<StartSync>d__5:MoveNext () (at Assets/Scripts/Hotfix/FlowSystem/FlowTask.cs:87)
System.Runtime.CompilerServices.AsyncTaskMethodBuilder:SetResult ()
SceneFlow/<Logic>d__4:MoveNext () (at Assets/Scripts/Hotfix/FlowSystem/Flow/SceneFlow.cs:21)
UnityEngine.UnitySynchronizationContext:ExecuteTasks ()

[02:34:33]加载Table 
UnityEngine.Debug:Log (object)
TableFlow:Logic () (at Assets/Scripts/Hotfix/FlowSystem/Flow/TableFlow.cs:15)
Flow.StepMachine/<StartSync>d__5:MoveNext () (at Assets/Scripts/Hotfix/FlowSystem/FlowTask.cs:85)
System.Runtime.CompilerServices.AsyncTaskMethodBuilder:SetResult ()
SceneFlow/<Logic>d__4:MoveNext () (at Assets/Scripts/Hotfix/FlowSystem/Flow/SceneFlow.cs:21)
UnityEngine.UnitySynchronizationContext:ExecuteTasks ()

[02:34:33]<color=#00ffff><color=yellow>[自主输出]  </color>加载配置表:enemy</color>
UnityEngine.Debug:Log (object,UnityEngine.Object)
LogInfo.Info:LogCyan (object,UnityEngine.Object)
Debuger:Log (string) (at Assets/Plugins/LrFramework/Engine/Common/Core/Debuger.cs:44)
Table.TableManager:LoadMethod<int, Table.enemy> (System.Type) (at Assets/Plugins/LrFramework/Engine/Common/Table/TableManager.cs:101)
Table.TableLib:InitTable () (at Assets/Scripts/Hotfix/Table/TableLib.cs:12)
TableFlow:Logic () (at Assets/Scripts/Hotfix/FlowSystem/Flow/TableFlow.cs:16)
Flow.StepMachine/<StartSync>d__5:MoveNext () (at Assets/Scripts/Hotfix/FlowSystem/FlowTask.cs:85)
System.Runtime.CompilerServices.AsyncTaskMethodBuilder:SetResult ()
SceneFlow/<Logic>d__4:MoveNext () (at Assets/Scripts/Hotfix/FlowSystem/Flow/SceneFlow.cs:21)
UnityEngine.UnitySynchronizationContext:ExecuteTasks ()

[02:34:33]<color=#00ffff><color=yellow>[自主输出]  </color>加载配置表:taskSystem</color>
UnityEngine.Debug:Log (object,UnityEngine.Object)
LogInfo.Info:LogCyan (object,UnityEngine.Object)
Debuger:Log (string) (at Assets/Plugins/LrFramework/Engine/Common/Core/Debuger.cs:44)
Table.TableManager:LoadMethod<int, Table.taskSystem> (System.Type) (at Assets/Plugins/LrFramework/Engine/Common/Table/TableManager.cs:101)
Table.TableLib:InitTable () (at Assets/Scripts/Hotfix/Table/TableLib.cs:14)
TableFlow:Logic () (at Assets/Scripts/Hotfix/FlowSystem/Flow/TableFlow.cs:16)
Flow.StepMachine/<StartSync>d__5:MoveNext () (at Assets/Scripts/Hotfix/FlowSystem/FlowTask.cs:85)
System.Runtime.CompilerServices.AsyncTaskMethodBuilder:SetResult ()
SceneFlow/<Logic>d__4:MoveNext () (at Assets/Scripts/Hotfix/FlowSystem/Flow/SceneFlow.cs:21)
UnityEngine.UnitySynchronizationContext:ExecuteTasks ()

[02:34:33]<color=#00ffff><color=yellow>[自主输出]  </color>加载配置表:shareTable</color>
UnityEngine.Debug:Log (object,UnityEngine.Object)
LogInfo.Info:LogCyan (object,UnityEngine.Object)
Debuger:Log (string) (at Assets/Plugins/LrFramework/Engine/Common/Core/Debuger.cs:44)
Table.TableManager:LoadMethod<int, Table.shareTable> (System.Type) (at Assets/Plugins/LrFramework/Engine/Common/Table/TableManager.cs:101)
Table.TableLib:InitTable () (at Assets/Scripts/Hotfix/Table/TableLib.cs:16)
TableFlow:Logic () (at Assets/Scripts/Hotfix/FlowSystem/Flow/TableFlow.cs:16)
Flow.StepMachine/<StartSync>d__5:MoveNext () (at Assets/Scripts/Hotfix/FlowSystem/FlowTask.cs:85)
System.Runtime.CompilerServices.AsyncTaskMethodBuilder:SetResult ()
SceneFlow/<Logic>d__4:MoveNext () (at Assets/Scripts/Hotfix/FlowSystem/Flow/SceneFlow.cs:21)
UnityEngine.UnitySynchronizationContext:ExecuteTasks ()

[02:34:33]<color=#00ffff><color=yellow>[自主输出]  </color>加载配置表:ultimateTable</color>
UnityEngine.Debug:Log (object,UnityEngine.Object)
LogInfo.Info:LogCyan (object,UnityEngine.Object)
Debuger:Log (string) (at Assets/Plugins/LrFramework/Engine/Common/Core/Debuger.cs:44)
Table.TableManager:LoadMethod<int, Table.ultimateTable> (System.Type) (at Assets/Plugins/LrFramework/Engine/Common/Table/TableManager.cs:101)
Table.TableLib:InitTable () (at Assets/Scripts/Hotfix/Table/TableLib.cs:18)
TableFlow:Logic () (at Assets/Scripts/Hotfix/FlowSystem/Flow/TableFlow.cs:16)
Flow.StepMachine/<StartSync>d__5:MoveNext () (at Assets/Scripts/Hotfix/FlowSystem/FlowTask.cs:85)
System.Runtime.CompilerServices.AsyncTaskMethodBuilder:SetResult ()
SceneFlow/<Logic>d__4:MoveNext () (at Assets/Scripts/Hotfix/FlowSystem/Flow/SceneFlow.cs:21)
UnityEngine.UnitySynchronizationContext:ExecuteTasks ()

[02:34:33]<color=#00ffff><color=yellow>[自主输出]  </color>加载配置表:energy</color>
UnityEngine.Debug:Log (object,UnityEngine.Object)
LogInfo.Info:LogCyan (object,UnityEngine.Object)
Debuger:Log (string) (at Assets/Plugins/LrFramework/Engine/Common/Core/Debuger.cs:44)
Table.TableManager:LoadMethod<int, Table.energy> (System.Type) (at Assets/Plugins/LrFramework/Engine/Common/Table/TableManager.cs:101)
Table.TableLib:InitTable () (at Assets/Scripts/Hotfix/Table/TableLib.cs:20)
TableFlow:Logic () (at Assets/Scripts/Hotfix/FlowSystem/Flow/TableFlow.cs:16)
Flow.StepMachine/<StartSync>d__5:MoveNext () (at Assets/Scripts/Hotfix/FlowSystem/FlowTask.cs:85)
System.Runtime.CompilerServices.AsyncTaskMethodBuilder:SetResult ()
SceneFlow/<Logic>d__4:MoveNext () (at Assets/Scripts/Hotfix/FlowSystem/Flow/SceneFlow.cs:21)
UnityEngine.UnitySynchronizationContext:ExecuteTasks ()

[02:34:33]<color=#00ffff><color=yellow>[自主输出]  </color>加载配置表:party</color>
UnityEngine.Debug:Log (object,UnityEngine.Object)
LogInfo.Info:LogCyan (object,UnityEngine.Object)
Debuger:Log (string) (at Assets/Plugins/LrFramework/Engine/Common/Core/Debuger.cs:44)
Table.TableManager:LoadMethod<int, Table.party> (System.Type) (at Assets/Plugins/LrFramework/Engine/Common/Table/TableManager.cs:101)
Table.TableLib:InitTable () (at Assets/Scripts/Hotfix/Table/TableLib.cs:22)
TableFlow:Logic () (at Assets/Scripts/Hotfix/FlowSystem/Flow/TableFlow.cs:16)
Flow.StepMachine/<StartSync>d__5:MoveNext () (at Assets/Scripts/Hotfix/FlowSystem/FlowTask.cs:85)
System.Runtime.CompilerServices.AsyncTaskMethodBuilder:SetResult ()
SceneFlow/<Logic>d__4:MoveNext () (at Assets/Scripts/Hotfix/FlowSystem/Flow/SceneFlow.cs:21)
UnityEngine.UnitySynchronizationContext:ExecuteTasks ()


[02:34:34]进度：0.8
UnityEngine.Debug:Log (object)
MainStep/<>c:<StartFlow>b__1_0 () (at Assets/Scripts/Hotfix/FlowSystem/MainStep.cs:30)
Flow.StepMachine/<StartSync>d__5:MoveNext () (at Assets/Scripts/Hotfix/FlowSystem/FlowTask.cs:87)
UnityEngine.UnitySynchronizationContext:ExecuteTasks ()

[02:34:34]进度：1
UnityEngine.Debug:Log (object)
MainStep/<>c:<StartFlow>b__1_0 () (at Assets/Scripts/Hotfix/FlowSystem/MainStep.cs:30)
Flow.StepMachine/<StartSync>d__5:MoveNext () (at Assets/Scripts/Hotfix/FlowSystem/FlowTask.cs:87)
UnityEngine.UnitySynchronizationContext:ExecuteTasks ()

[02:34:34]处理流程逻辑后事件
UnityEngine.Debug:Log (object)
Flow.FlowAppend:Postfix () (at Assets/Scripts/Hotfix/FlowSystem/FlowAppend.cs:34)
MainStep/<StartFlow>d__1:MoveNext () (at Assets/Scripts/Hotfix/FlowSystem/MainStep.cs:34)
System.Runtime.CompilerServices.AsyncTaskMethodBuilder:SetResult ()
Flow.FlowGame/<StartSync>d__10:MoveNext () (at Assets/Scripts/Hotfix/FlowSystem/FlowGame.cs:58)
System.Runtime.CompilerServices.AsyncTaskMethodBuilder:SetResult ()
Flow.StepMachine/<StartSync>d__5:MoveNext () (at Assets/Scripts/Hotfix/FlowSystem/FlowTask.cs:90)
UnityEngine.UnitySynchronizationContext:ExecuteTasks ()

[02:34:34]BaseSettingAppend Postfix
UnityEngine.Debug:Log (object)
BaseSettingAppend:Postfix () (at Assets/Scripts/Hotfix/FlowSystem/Append/BaseSettingAppend.cs:10)
Flow.FlowAppend:Postfix () (at Assets/Scripts/Hotfix/FlowSystem/FlowAppend.cs:37)
MainStep/<StartFlow>d__1:MoveNext () (at Assets/Scripts/Hotfix/FlowSystem/MainStep.cs:34)
System.Runtime.CompilerServices.AsyncTaskMethodBuilder:SetResult ()
Flow.FlowGame/<StartSync>d__10:MoveNext () (at Assets/Scripts/Hotfix/FlowSystem/FlowGame.cs:58)
System.Runtime.CompilerServices.AsyncTaskMethodBuilder:SetResult ()
Flow.StepMachine/<StartSync>d__5:MoveNext () (at Assets/Scripts/Hotfix/FlowSystem/FlowTask.cs:90)
UnityEngine.UnitySynchronizationContext:ExecuteTasks ()


