[03:16:19]项目名字：AddressableAESEncrypt
UnityEngine.Debug:Log (object,UnityEngine.Object)
LogInfo.Info:Log (string)
LogInfo.Info:Init (string)
Debuger:Init () (at Assets/Plugins/LrFramework/Engine/InfoLog/Debuger.cs:26)

[03:16:19]日志时间：20240904
UnityEngine.Debug:Log (object,UnityEngine.Object)
LogInfo.Info:Log (string)
LogInfo.Info:Init (string)
Debuger:Init () (at Assets/Plugins/LrFramework/Engine/InfoLog/Debuger.cs:26)

[03:16:19]本地日志地址：E:\SelfProject\LrLFramework/Log/20240904/031619.log
UnityEngine.Debug:Log (object,UnityEngine.Object)
LogInfo.Info:Log (string)
LogInfo.Info:Init (string)
Debuger:Init () (at Assets/Plugins/LrFramework/Engine/InfoLog/Debuger.cs:26)

[03:16:19]服务器日志地址：101.33.207.93
UnityEngine.Debug:Log (object,UnityEngine.Object)
LogInfo.Info:Log (string)
LogInfo.Info:Init (string)
Debuger:Init () (at Assets/Plugins/LrFramework/Engine/InfoLog/Debuger.cs:26)

[03:16:19]开启日志线程
UnityEngine.Debug:Log (object,UnityEngine.Object)
LogInfo.Info:Log (string)
LogInfo.Info:Init (string)
Debuger:Init () (at Assets/Plugins/LrFramework/Engine/InfoLog/Debuger.cs:26)


[03:16:19]Scene Main is loaded
UnityEngine.Debug:Log (object)
Reporter:_OnLevelWasLoaded (UnityEngine.SceneManagement.Scene,UnityEngine.SceneManagement.LoadSceneMode) (at Assets/Plugins/UnityLogViewer/Reporter/Reporter.cs:2055)
UnityEngine.SceneManagement.SceneManager:Internal_SceneLoaded (UnityEngine.SceneManagement.Scene,UnityEngine.SceneManagement.LoadSceneMode)

[03:16:19]当前场景：Main
UnityEngine.Debug:Log (object)
ExtendUpdate:Awake () (at Assets/Plugins/LrFramework/Engine/Common/Core/Extend/ExtendUpdate.cs:43)
UnityEngine.GameObject:AddComponent<ExtendUpdate> ()
ExtendUpdate:get_instance () (at Assets/Plugins/LrFramework/Engine/Common/Core/Extend/ExtendUpdate.cs:20)
ExtendUpdate:Init () (at Assets/Plugins/LrFramework/Engine/Common/Core/Extend/ExtendUpdate.cs:31)

[03:16:19]实例化：ExtendUpdate (ExtendUpdate)
UnityEngine.Debug:Log (object)
ExtendUpdate:Init () (at Assets/Plugins/LrFramework/Engine/Common/Core/Extend/ExtendUpdate.cs:31)

[03:16:19]实例化：InputMethod (InputMethod)
UnityEngine.Debug:Log (object)
InputMethod:StartInit () (at Assets/Plugins/LrFramework/Engine/Common/Core/Extend/InputMethod.cs:32)

[03:16:20]need Updates:0
UnityEngine.Debug:Log (object)
CheckUpdateCatalog/<CheckUpdte>d__3:MoveNext () (at Assets/Scripts/BuildIn/Engine/CheckUpdateCatalog.cs:38)
UnityEngine.UnitySynchronizationContext:ExecuteTasks ()

[03:16:20]需要处理的流程：5
UnityEngine.Debug:Log (object)
Flow.FlowGame:GetLayerFlow (int) (at Assets/Scripts/Hotfix/FlowSystem/FlowGame.cs:30)
MainStep/<StartFlow>d__1:MoveNext () (at Assets/Scripts/Hotfix/FlowSystem/MainStep.cs:23)
System.Runtime.CompilerServices.AsyncVoidMethodBuilder:Start<MainStep/<StartFlow>d__1> (MainStep/<StartFlow>d__1&)
MainStep:StartFlow ()
MainStep:Awake () (at Assets/Scripts/Hotfix/FlowSystem/MainStep.cs:14)
UnityEngine.GameObject:.ctor (string,System.Type[])
Program:Main () (at Assets/Scripts/Hotfix/FlowSystem/Program.cs:27)
UnityEngine.Events.UnityEvent:Invoke ()
MainLogic/<Start>d__1:MoveNext () (at Assets/Scripts/BuildIn/Engine/MainLogic.cs:26)
System.Runtime.CompilerServices.AsyncTaskMethodBuilder:SetResult ()
CheckUpdateCatalog/<CheckUpdte>d__3:MoveNext () (at Assets/Scripts/BuildIn/Engine/CheckUpdateCatalog.cs:47)
UnityEngine.UnitySynchronizationContext:ExecuteTasks ()

[03:16:20]处理流程逻辑前事件
UnityEngine.Debug:Log (object)
Flow.FlowAppend:Prefix () (at Assets/Scripts/Hotfix/FlowSystem/FlowAppend.cs:25)
MainStep/<StartFlow>d__1:MoveNext () (at Assets/Scripts/Hotfix/FlowSystem/MainStep.cs:25)
System.Runtime.CompilerServices.AsyncVoidMethodBuilder:Start<MainStep/<StartFlow>d__1> (MainStep/<StartFlow>d__1&)
MainStep:StartFlow ()
MainStep:Awake () (at Assets/Scripts/Hotfix/FlowSystem/MainStep.cs:14)
UnityEngine.GameObject:.ctor (string,System.Type[])
Program:Main () (at Assets/Scripts/Hotfix/FlowSystem/Program.cs:27)
UnityEngine.Events.UnityEvent:Invoke ()
MainLogic/<Start>d__1:MoveNext () (at Assets/Scripts/BuildIn/Engine/MainLogic.cs:26)
System.Runtime.CompilerServices.AsyncTaskMethodBuilder:SetResult ()
CheckUpdateCatalog/<CheckUpdte>d__3:MoveNext () (at Assets/Scripts/BuildIn/Engine/CheckUpdateCatalog.cs:47)
UnityEngine.UnitySynchronizationContext:ExecuteTasks ()

[03:16:20]BaseSettingAppend Prefix
UnityEngine.Debug:Log (object)
BaseSettingAppend:Prefix () (at Assets/Scripts/Hotfix/FlowSystem/Append/BaseSettingAppend.cs:23)
Flow.FlowAppend:Prefix () (at Assets/Scripts/Hotfix/FlowSystem/FlowAppend.cs:28)
MainStep/<StartFlow>d__1:MoveNext () (at Assets/Scripts/Hotfix/FlowSystem/MainStep.cs:25)
System.Runtime.CompilerServices.AsyncVoidMethodBuilder:Start<MainStep/<StartFlow>d__1> (MainStep/<StartFlow>d__1&)
MainStep:StartFlow ()
MainStep:Awake () (at Assets/Scripts/Hotfix/FlowSystem/MainStep.cs:14)
UnityEngine.GameObject:.ctor (string,System.Type[])
Program:Main () (at Assets/Scripts/Hotfix/FlowSystem/Program.cs:27)
UnityEngine.Events.UnityEvent:Invoke ()
MainLogic/<Start>d__1:MoveNext () (at Assets/Scripts/BuildIn/Engine/MainLogic.cs:26)
System.Runtime.CompilerServices.AsyncTaskMethodBuilder:SetResult ()
CheckUpdateCatalog/<CheckUpdte>d__3:MoveNext () (at Assets/Scripts/BuildIn/Engine/CheckUpdateCatalog.cs:47)
UnityEngine.UnitySynchronizationContext:ExecuteTasks ()

[03:16:20]linker缓存文件夹:C:/Users/unityLR/AppData/LocalLow/DefaultCompany/AddressableAESEncrypt/AssetLinker
UnityEngine.Debug:Log (object)
AssetLoader/<Init>d__6:MoveNext () (at Assets/Plugins/LrFramework/Engine/Common/AssetLoader/AssetLoader.cs:59)
System.Runtime.CompilerServices.AsyncTaskMethodBuilder:Start<AssetLoader/<Init>d__6> (AssetLoader/<Init>d__6&)
AssetLoader:Init ()
LinkerFlow/<Logic>d__4:MoveNext () (at Assets/Scripts/Hotfix/FlowSystem/Flow/LinkerFlow.cs:15)
System.Runtime.CompilerServices.AsyncTaskMethodBuilder:Start<LinkerFlow/<Logic>d__4> (LinkerFlow/<Logic>d__4&)
LinkerFlow:Logic ()
Flow.StepMachine/<StartSync>d__5:MoveNext () (at Assets/Scripts/Hotfix/FlowSystem/FlowTask.cs:85)
System.Runtime.CompilerServices.AsyncTaskMethodBuilder:Start<Flow.StepMachine/<StartSync>d__5> (Flow.StepMachine/<StartSync>d__5&)
Flow.StepMachine:StartSync (UnityEngine.Events.UnityAction)
Flow.FlowGame/<StartSync>d__10:MoveNext () (at Assets/Scripts/Hotfix/FlowSystem/FlowGame.cs:57)
System.Runtime.CompilerServices.AsyncTaskMethodBuilder:Start<Flow.FlowGame/<StartSync>d__10> (Flow.FlowGame/<StartSync>d__10&)
Flow.FlowGame:StartSync (UnityEngine.Events.UnityAction)
MainStep/<StartFlow>d__1:MoveNext () (at Assets/Scripts/Hotfix/FlowSystem/MainStep.cs:27)
System.Runtime.CompilerServices.AsyncVoidMethodBuilder:Start<MainStep/<StartFlow>d__1> (MainStep/<StartFlow>d__1&)
MainStep:StartFlow ()
MainStep:Awake () (at Assets/Scripts/Hotfix/FlowSystem/MainStep.cs:14)
UnityEngine.GameObject:.ctor (string,System.Type[])
Program:Main () (at Assets/Scripts/Hotfix/FlowSystem/Program.cs:27)
UnityEngine.Events.UnityEvent:Invoke ()
MainLogic/<Start>d__1:MoveNext () (at Assets/Scripts/BuildIn/Engine/MainLogic.cs:26)
System.Runtime.CompilerServices.AsyncTaskMethodBuilder:SetResult ()
CheckUpdateCatalog/<CheckUpdte>d__3:MoveNext () (at Assets/Scripts/BuildIn/Engine/CheckUpdateCatalog.cs:47)
UnityEngine.UnitySynchronizationContext:ExecuteTasks ()

[03:16:20]读取cache的配置文件:C:/Users/unityLR/AppData/LocalLow/DefaultCompany/AddressableAESEncrypt/AssetLinker/AssetLinker.json
UnityEngine.Debug:Log (object)
AssetLoader/<Init>d__6:MoveNext () (at Assets/Plugins/LrFramework/Engine/Common/AssetLoader/AssetLoader.cs:88)
System.Runtime.CompilerServices.AsyncTaskMethodBuilder:Start<AssetLoader/<Init>d__6> (AssetLoader/<Init>d__6&)
AssetLoader:Init ()
LinkerFlow/<Logic>d__4:MoveNext () (at Assets/Scripts/Hotfix/FlowSystem/Flow/LinkerFlow.cs:15)
System.Runtime.CompilerServices.AsyncTaskMethodBuilder:Start<LinkerFlow/<Logic>d__4> (LinkerFlow/<Logic>d__4&)
LinkerFlow:Logic ()
Flow.StepMachine/<StartSync>d__5:MoveNext () (at Assets/Scripts/Hotfix/FlowSystem/FlowTask.cs:85)
System.Runtime.CompilerServices.AsyncTaskMethodBuilder:Start<Flow.StepMachine/<StartSync>d__5> (Flow.StepMachine/<StartSync>d__5&)
Flow.StepMachine:StartSync (UnityEngine.Events.UnityAction)
Flow.FlowGame/<StartSync>d__10:MoveNext () (at Assets/Scripts/Hotfix/FlowSystem/FlowGame.cs:57)
System.Runtime.CompilerServices.AsyncTaskMethodBuilder:Start<Flow.FlowGame/<StartSync>d__10> (Flow.FlowGame/<StartSync>d__10&)
Flow.FlowGame:StartSync (UnityEngine.Events.UnityAction)
MainStep/<StartFlow>d__1:MoveNext () (at Assets/Scripts/Hotfix/FlowSystem/MainStep.cs:27)
System.Runtime.CompilerServices.AsyncVoidMethodBuilder:Start<MainStep/<StartFlow>d__1> (MainStep/<StartFlow>d__1&)
MainStep:StartFlow ()
MainStep:Awake () (at Assets/Scripts/Hotfix/FlowSystem/MainStep.cs:14)
UnityEngine.GameObject:.ctor (string,System.Type[])
Program:Main () (at Assets/Scripts/Hotfix/FlowSystem/Program.cs:27)
UnityEngine.Events.UnityEvent:Invoke ()
MainLogic/<Start>d__1:MoveNext () (at Assets/Scripts/BuildIn/Engine/MainLogic.cs:26)
System.Runtime.CompilerServices.AsyncTaskMethodBuilder:SetResult ()
CheckUpdateCatalog/<CheckUpdte>d__3:MoveNext () (at Assets/Scripts/BuildIn/Engine/CheckUpdateCatalog.cs:47)
UnityEngine.UnitySynchronizationContext:ExecuteTasks ()

[03:16:20]New linker found: Table/enemy.bytes
UnityEngine.Debug:Log (object)
AssetLoader/<Init>d__6:MoveNext () (at Assets/Plugins/LrFramework/Engine/Common/AssetLoader/AssetLoader.cs:135)
System.Runtime.CompilerServices.AsyncTaskMethodBuilder:Start<AssetLoader/<Init>d__6> (AssetLoader/<Init>d__6&)
AssetLoader:Init ()
LinkerFlow/<Logic>d__4:MoveNext () (at Assets/Scripts/Hotfix/FlowSystem/Flow/LinkerFlow.cs:15)
System.Runtime.CompilerServices.AsyncTaskMethodBuilder:Start<LinkerFlow/<Logic>d__4> (LinkerFlow/<Logic>d__4&)
LinkerFlow:Logic ()
Flow.StepMachine/<StartSync>d__5:MoveNext () (at Assets/Scripts/Hotfix/FlowSystem/FlowTask.cs:85)
System.Runtime.CompilerServices.AsyncTaskMethodBuilder:Start<Flow.StepMachine/<StartSync>d__5> (Flow.StepMachine/<StartSync>d__5&)
Flow.StepMachine:StartSync (UnityEngine.Events.UnityAction)
Flow.FlowGame/<StartSync>d__10:MoveNext () (at Assets/Scripts/Hotfix/FlowSystem/FlowGame.cs:57)
System.Runtime.CompilerServices.AsyncTaskMethodBuilder:Start<Flow.FlowGame/<StartSync>d__10> (Flow.FlowGame/<StartSync>d__10&)
Flow.FlowGame:StartSync (UnityEngine.Events.UnityAction)
MainStep/<StartFlow>d__1:MoveNext () (at Assets/Scripts/Hotfix/FlowSystem/MainStep.cs:27)
System.Runtime.CompilerServices.AsyncVoidMethodBuilder:Start<MainStep/<StartFlow>d__1> (MainStep/<StartFlow>d__1&)
MainStep:StartFlow ()
MainStep:Awake () (at Assets/Scripts/Hotfix/FlowSystem/MainStep.cs:14)
UnityEngine.GameObject:.ctor (string,System.Type[])
Program:Main () (at Assets/Scripts/Hotfix/FlowSystem/Program.cs:27)
UnityEngine.Events.UnityEvent:Invoke ()
MainLogic/<Start>d__1:MoveNext () (at Assets/Scripts/BuildIn/Engine/MainLogic.cs:26)
System.Runtime.CompilerServices.AsyncTaskMethodBuilder:SetResult ()
CheckUpdateCatalog/<CheckUpdte>d__3:MoveNext () (at Assets/Scripts/BuildIn/Engine/CheckUpdateCatalog.cs:47)
UnityEngine.UnitySynchronizationContext:ExecuteTasks ()

[03:16:20]New linker found: Table/energy.bytes
UnityEngine.Debug:Log (object)
AssetLoader/<Init>d__6:MoveNext () (at Assets/Plugins/LrFramework/Engine/Common/AssetLoader/AssetLoader.cs:135)
System.Runtime.CompilerServices.AsyncTaskMethodBuilder:Start<AssetLoader/<Init>d__6> (AssetLoader/<Init>d__6&)
AssetLoader:Init ()
LinkerFlow/<Logic>d__4:MoveNext () (at Assets/Scripts/Hotfix/FlowSystem/Flow/LinkerFlow.cs:15)
System.Runtime.CompilerServices.AsyncTaskMethodBuilder:Start<LinkerFlow/<Logic>d__4> (LinkerFlow/<Logic>d__4&)
LinkerFlow:Logic ()
Flow.StepMachine/<StartSync>d__5:MoveNext () (at Assets/Scripts/Hotfix/FlowSystem/FlowTask.cs:85)
System.Runtime.CompilerServices.AsyncTaskMethodBuilder:Start<Flow.StepMachine/<StartSync>d__5> (Flow.StepMachine/<StartSync>d__5&)
Flow.StepMachine:StartSync (UnityEngine.Events.UnityAction)
Flow.FlowGame/<StartSync>d__10:MoveNext () (at Assets/Scripts/Hotfix/FlowSystem/FlowGame.cs:57)
System.Runtime.CompilerServices.AsyncTaskMethodBuilder:Start<Flow.FlowGame/<StartSync>d__10> (Flow.FlowGame/<StartSync>d__10&)
Flow.FlowGame:StartSync (UnityEngine.Events.UnityAction)
MainStep/<StartFlow>d__1:MoveNext () (at Assets/Scripts/Hotfix/FlowSystem/MainStep.cs:27)
System.Runtime.CompilerServices.AsyncVoidMethodBuilder:Start<MainStep/<StartFlow>d__1> (MainStep/<StartFlow>d__1&)
MainStep:StartFlow ()
MainStep:Awake () (at Assets/Scripts/Hotfix/FlowSystem/MainStep.cs:14)
UnityEngine.GameObject:.ctor (string,System.Type[])
Program:Main () (at Assets/Scripts/Hotfix/FlowSystem/Program.cs:27)
UnityEngine.Events.UnityEvent:Invoke ()
MainLogic/<Start>d__1:MoveNext () (at Assets/Scripts/BuildIn/Engine/MainLogic.cs:26)
System.Runtime.CompilerServices.AsyncTaskMethodBuilder:SetResult ()
CheckUpdateCatalog/<CheckUpdte>d__3:MoveNext () (at Assets/Scripts/BuildIn/Engine/CheckUpdateCatalog.cs:47)
UnityEngine.UnitySynchronizationContext:ExecuteTasks ()

[03:16:20]New linker found: Table/party.bytes
UnityEngine.Debug:Log (object)
AssetLoader/<Init>d__6:MoveNext () (at Assets/Plugins/LrFramework/Engine/Common/AssetLoader/AssetLoader.cs:135)
System.Runtime.CompilerServices.AsyncTaskMethodBuilder:Start<AssetLoader/<Init>d__6> (AssetLoader/<Init>d__6&)
AssetLoader:Init ()
LinkerFlow/<Logic>d__4:MoveNext () (at Assets/Scripts/Hotfix/FlowSystem/Flow/LinkerFlow.cs:15)
System.Runtime.CompilerServices.AsyncTaskMethodBuilder:Start<LinkerFlow/<Logic>d__4> (LinkerFlow/<Logic>d__4&)
LinkerFlow:Logic ()
Flow.StepMachine/<StartSync>d__5:MoveNext () (at Assets/Scripts/Hotfix/FlowSystem/FlowTask.cs:85)
System.Runtime.CompilerServices.AsyncTaskMethodBuilder:Start<Flow.StepMachine/<StartSync>d__5> (Flow.StepMachine/<StartSync>d__5&)
Flow.StepMachine:StartSync (UnityEngine.Events.UnityAction)
Flow.FlowGame/<StartSync>d__10:MoveNext () (at Assets/Scripts/Hotfix/FlowSystem/FlowGame.cs:57)
System.Runtime.CompilerServices.AsyncTaskMethodBuilder:Start<Flow.FlowGame/<StartSync>d__10> (Flow.FlowGame/<StartSync>d__10&)
Flow.FlowGame:StartSync (UnityEngine.Events.UnityAction)
MainStep/<StartFlow>d__1:MoveNext () (at Assets/Scripts/Hotfix/FlowSystem/MainStep.cs:27)
System.Runtime.CompilerServices.AsyncVoidMethodBuilder:Start<MainStep/<StartFlow>d__1> (MainStep/<StartFlow>d__1&)
MainStep:StartFlow ()
MainStep:Awake () (at Assets/Scripts/Hotfix/FlowSystem/MainStep.cs:14)
UnityEngine.GameObject:.ctor (string,System.Type[])
Program:Main () (at Assets/Scripts/Hotfix/FlowSystem/Program.cs:27)
UnityEngine.Events.UnityEvent:Invoke ()
MainLogic/<Start>d__1:MoveNext () (at Assets/Scripts/BuildIn/Engine/MainLogic.cs:26)
System.Runtime.CompilerServices.AsyncTaskMethodBuilder:SetResult ()
CheckUpdateCatalog/<CheckUpdte>d__3:MoveNext () (at Assets/Scripts/BuildIn/Engine/CheckUpdateCatalog.cs:47)
UnityEngine.UnitySynchronizationContext:ExecuteTasks ()

[03:16:20]New linker found: Table/shareTable.bytes
UnityEngine.Debug:Log (object)
AssetLoader/<Init>d__6:MoveNext () (at Assets/Plugins/LrFramework/Engine/Common/AssetLoader/AssetLoader.cs:135)
System.Runtime.CompilerServices.AsyncTaskMethodBuilder:Start<AssetLoader/<Init>d__6> (AssetLoader/<Init>d__6&)
AssetLoader:Init ()
LinkerFlow/<Logic>d__4:MoveNext () (at Assets/Scripts/Hotfix/FlowSystem/Flow/LinkerFlow.cs:15)
System.Runtime.CompilerServices.AsyncTaskMethodBuilder:Start<LinkerFlow/<Logic>d__4> (LinkerFlow/<Logic>d__4&)
LinkerFlow:Logic ()
Flow.StepMachine/<StartSync>d__5:MoveNext () (at Assets/Scripts/Hotfix/FlowSystem/FlowTask.cs:85)
System.Runtime.CompilerServices.AsyncTaskMethodBuilder:Start<Flow.StepMachine/<StartSync>d__5> (Flow.StepMachine/<StartSync>d__5&)
Flow.StepMachine:StartSync (UnityEngine.Events.UnityAction)
Flow.FlowGame/<StartSync>d__10:MoveNext () (at Assets/Scripts/Hotfix/FlowSystem/FlowGame.cs:57)
System.Runtime.CompilerServices.AsyncTaskMethodBuilder:Start<Flow.FlowGame/<StartSync>d__10> (Flow.FlowGame/<StartSync>d__10&)
Flow.FlowGame:StartSync (UnityEngine.Events.UnityAction)
MainStep/<StartFlow>d__1:MoveNext () (at Assets/Scripts/Hotfix/FlowSystem/MainStep.cs:27)
System.Runtime.CompilerServices.AsyncVoidMethodBuilder:Start<MainStep/<StartFlow>d__1> (MainStep/<StartFlow>d__1&)
MainStep:StartFlow ()
MainStep:Awake () (at Assets/Scripts/Hotfix/FlowSystem/MainStep.cs:14)
UnityEngine.GameObject:.ctor (string,System.Type[])
Program:Main () (at Assets/Scripts/Hotfix/FlowSystem/Program.cs:27)
UnityEngine.Events.UnityEvent:Invoke ()
MainLogic/<Start>d__1:MoveNext () (at Assets/Scripts/BuildIn/Engine/MainLogic.cs:26)
System.Runtime.CompilerServices.AsyncTaskMethodBuilder:SetResult ()
CheckUpdateCatalog/<CheckUpdte>d__3:MoveNext () (at Assets/Scripts/BuildIn/Engine/CheckUpdateCatalog.cs:47)
UnityEngine.UnitySynchronizationContext:ExecuteTasks ()

[03:16:20]New linker found: Table/taskSystem.bytes
UnityEngine.Debug:Log (object)
AssetLoader/<Init>d__6:MoveNext () (at Assets/Plugins/LrFramework/Engine/Common/AssetLoader/AssetLoader.cs:135)
System.Runtime.CompilerServices.AsyncTaskMethodBuilder:Start<AssetLoader/<Init>d__6> (AssetLoader/<Init>d__6&)
AssetLoader:Init ()
LinkerFlow/<Logic>d__4:MoveNext () (at Assets/Scripts/Hotfix/FlowSystem/Flow/LinkerFlow.cs:15)
System.Runtime.CompilerServices.AsyncTaskMethodBuilder:Start<LinkerFlow/<Logic>d__4> (LinkerFlow/<Logic>d__4&)
LinkerFlow:Logic ()
Flow.StepMachine/<StartSync>d__5:MoveNext () (at Assets/Scripts/Hotfix/FlowSystem/FlowTask.cs:85)
System.Runtime.CompilerServices.AsyncTaskMethodBuilder:Start<Flow.StepMachine/<StartSync>d__5> (Flow.StepMachine/<StartSync>d__5&)
Flow.StepMachine:StartSync (UnityEngine.Events.UnityAction)
Flow.FlowGame/<StartSync>d__10:MoveNext () (at Assets/Scripts/Hotfix/FlowSystem/FlowGame.cs:57)
System.Runtime.CompilerServices.AsyncTaskMethodBuilder:Start<Flow.FlowGame/<StartSync>d__10> (Flow.FlowGame/<StartSync>d__10&)
Flow.FlowGame:StartSync (UnityEngine.Events.UnityAction)
MainStep/<StartFlow>d__1:MoveNext () (at Assets/Scripts/Hotfix/FlowSystem/MainStep.cs:27)
System.Runtime.CompilerServices.AsyncVoidMethodBuilder:Start<MainStep/<StartFlow>d__1> (MainStep/<StartFlow>d__1&)
MainStep:StartFlow ()
MainStep:Awake () (at Assets/Scripts/Hotfix/FlowSystem/MainStep.cs:14)
UnityEngine.GameObject:.ctor (string,System.Type[])
Program:Main () (at Assets/Scripts/Hotfix/FlowSystem/Program.cs:27)
UnityEngine.Events.UnityEvent:Invoke ()
MainLogic/<Start>d__1:MoveNext () (at Assets/Scripts/BuildIn/Engine/MainLogic.cs:26)
System.Runtime.CompilerServices.AsyncTaskMethodBuilder:SetResult ()
CheckUpdateCatalog/<CheckUpdte>d__3:MoveNext () (at Assets/Scripts/BuildIn/Engine/CheckUpdateCatalog.cs:47)
UnityEngine.UnitySynchronizationContext:ExecuteTasks ()

[03:16:20]New linker found: Table/ultimateTable.bytes
UnityEngine.Debug:Log (object)
AssetLoader/<Init>d__6:MoveNext () (at Assets/Plugins/LrFramework/Engine/Common/AssetLoader/AssetLoader.cs:135)
System.Runtime.CompilerServices.AsyncTaskMethodBuilder:Start<AssetLoader/<Init>d__6> (AssetLoader/<Init>d__6&)
AssetLoader:Init ()
LinkerFlow/<Logic>d__4:MoveNext () (at Assets/Scripts/Hotfix/FlowSystem/Flow/LinkerFlow.cs:15)
System.Runtime.CompilerServices.AsyncTaskMethodBuilder:Start<LinkerFlow/<Logic>d__4> (LinkerFlow/<Logic>d__4&)
LinkerFlow:Logic ()
Flow.StepMachine/<StartSync>d__5:MoveNext () (at Assets/Scripts/Hotfix/FlowSystem/FlowTask.cs:85)
System.Runtime.CompilerServices.AsyncTaskMethodBuilder:Start<Flow.StepMachine/<StartSync>d__5> (Flow.StepMachine/<StartSync>d__5&)
Flow.StepMachine:StartSync (UnityEngine.Events.UnityAction)
Flow.FlowGame/<StartSync>d__10:MoveNext () (at Assets/Scripts/Hotfix/FlowSystem/FlowGame.cs:57)
System.Runtime.CompilerServices.AsyncTaskMethodBuilder:Start<Flow.FlowGame/<StartSync>d__10> (Flow.FlowGame/<StartSync>d__10&)
Flow.FlowGame:StartSync (UnityEngine.Events.UnityAction)
MainStep/<StartFlow>d__1:MoveNext () (at Assets/Scripts/Hotfix/FlowSystem/MainStep.cs:27)
System.Runtime.CompilerServices.AsyncVoidMethodBuilder:Start<MainStep/<StartFlow>d__1> (MainStep/<StartFlow>d__1&)
MainStep:StartFlow ()
MainStep:Awake () (at Assets/Scripts/Hotfix/FlowSystem/MainStep.cs:14)
UnityEngine.GameObject:.ctor (string,System.Type[])
Program:Main () (at Assets/Scripts/Hotfix/FlowSystem/Program.cs:27)
UnityEngine.Events.UnityEvent:Invoke ()
MainLogic/<Start>d__1:MoveNext () (at Assets/Scripts/BuildIn/Engine/MainLogic.cs:26)
System.Runtime.CompilerServices.AsyncTaskMethodBuilder:SetResult ()
CheckUpdateCatalog/<CheckUpdte>d__3:MoveNext () (at Assets/Scripts/BuildIn/Engine/CheckUpdateCatalog.cs:47)
UnityEngine.UnitySynchronizationContext:ExecuteTasks ()

[03:16:20]进度：0.2
UnityEngine.Debug:Log (object)
MainStep/<>c:<StartFlow>b__1_0 () (at Assets/Scripts/Hotfix/FlowSystem/MainStep.cs:29)
Flow.StepMachine/<StartSync>d__5:MoveNext () (at Assets/Scripts/Hotfix/FlowSystem/FlowTask.cs:87)
System.Runtime.CompilerServices.AsyncTaskMethodBuilder:SetResult ()
LinkerFlow/<Logic>d__4:MoveNext () (at Assets/Scripts/Hotfix/FlowSystem/Flow/LinkerFlow.cs:16)
System.Runtime.CompilerServices.AsyncTaskMethodBuilder:SetResult ()
AssetLoader/<Init>d__6:MoveNext () (at Assets/Plugins/LrFramework/Engine/Common/AssetLoader/AssetLoader.cs:175)
System.Runtime.CompilerServices.AsyncTaskMethodBuilder:SetResult ()
AssetLoader/<Stream2Cache>d__7:MoveNext () (at Assets/Plugins/LrFramework/Engine/Common/AssetLoader/AssetLoader.cs:208)
System.Runtime.CompilerServices.AsyncMethodBuilderCore/MoveNextRunner:Run ()
IEnumeratorAwaitExtensions:RunOnUnityScheduler (System.Action) (at Assets/Plugins/LrFramework/Engine/Async_UniRx/Source/IEnumeratorAwaitExtensions.cs:124)
IEnumeratorAwaitExtensions/SimpleCoroutineAwaiter`1<UnityEngine.AsyncOperation>:Complete (UnityEngine.AsyncOperation,System.Exception) (at Assets/Plugins/LrFramework/Engine/Async_UniRx/Source/IEnumeratorAwaitExtensions.cs:176)
IEnumeratorAwaitExtensions/InstructionWrappers/<ReturnSelf>d__2`1<UnityEngine.AsyncOperation>:MoveNext () (at Assets/Plugins/LrFramework/Engine/Async_UniRx/Source/IEnumeratorAwaitExtensions.cs:382)
UnityEngine.SetupCoroutine:InvokeMoveNext (System.Collections.IEnumerator,intptr)

[03:16:20]加载场景
UnityEngine.Debug:Log (object)
SceneFlow/<Logic>d__4:MoveNext () (at Assets/Scripts/Hotfix/FlowSystem/Flow/SceneFlow.cs:16)
System.Runtime.CompilerServices.AsyncTaskMethodBuilder:Start<SceneFlow/<Logic>d__4> (SceneFlow/<Logic>d__4&)
SceneFlow:Logic ()
Flow.StepMachine/<StartSync>d__5:MoveNext () (at Assets/Scripts/Hotfix/FlowSystem/FlowTask.cs:85)
System.Runtime.CompilerServices.AsyncTaskMethodBuilder:SetResult ()
LinkerFlow/<Logic>d__4:MoveNext () (at Assets/Scripts/Hotfix/FlowSystem/Flow/LinkerFlow.cs:16)
System.Runtime.CompilerServices.AsyncTaskMethodBuilder:SetResult ()
AssetLoader/<Init>d__6:MoveNext () (at Assets/Plugins/LrFramework/Engine/Common/AssetLoader/AssetLoader.cs:175)
System.Runtime.CompilerServices.AsyncTaskMethodBuilder:SetResult ()
AssetLoader/<Stream2Cache>d__7:MoveNext () (at Assets/Plugins/LrFramework/Engine/Common/AssetLoader/AssetLoader.cs:208)
System.Runtime.CompilerServices.AsyncMethodBuilderCore/MoveNextRunner:Run ()
IEnumeratorAwaitExtensions:RunOnUnityScheduler (System.Action) (at Assets/Plugins/LrFramework/Engine/Async_UniRx/Source/IEnumeratorAwaitExtensions.cs:124)
IEnumeratorAwaitExtensions/SimpleCoroutineAwaiter`1<UnityEngine.AsyncOperation>:Complete (UnityEngine.AsyncOperation,System.Exception) (at Assets/Plugins/LrFramework/Engine/Async_UniRx/Source/IEnumeratorAwaitExtensions.cs:176)
IEnumeratorAwaitExtensions/InstructionWrappers/<ReturnSelf>d__2`1<UnityEngine.AsyncOperation>:MoveNext () (at Assets/Plugins/LrFramework/Engine/Async_UniRx/Source/IEnumeratorAwaitExtensions.cs:382)
UnityEngine.SetupCoroutine:InvokeMoveNext (System.Collections.IEnumerator,intptr)

[03:16:20]RemoteProviderException : Unable to load asset bundle from : file:///E:/SelfProject/LrLFramework/Library/com.unity.addressables/aa/Windows/StandaloneWindows64/hotscene_scenes_.bundle
UnityWebRequest result : ProtocolError : HTTP/1.1 404 Not Found
ResponseCode : 404, Method : GET
url : file:///E:/SelfProject/LrLFramework/Library/com.unity.addressables/aa/Windows/StandaloneWindows64/hotscene_scenes_.bundle


UnityEngine.AddressableAssets.Addressables:LoadSceneAsync (object,UnityEngine.SceneManagement.LoadSceneMode,bool,int)
SceneFlow/<Progess>d__5:MoveNext () (at Assets/Scripts/Hotfix/FlowSystem/Flow/SceneFlow.cs:25)
UniRx.Observable/<WrapEnumerator>d__291:MoveNext () (at Assets/Plugins/LrFramework/Engine/Async_UniRx/UniRx/Scripts/UnityEngineBridge/Observable.Unity.cs:338)
UnityEngine.MonoBehaviour:StartCoroutine (System.Collections.IEnumerator)
UniRx.MainThreadDispatcher/<>c__DisplayClass7_0:<SendStartCoroutine>b__0 (object) (at Assets/Plugins/LrFramework/Engine/Async_UniRx/UniRx/Scripts/UnityEngineBridge/MainThreadDispatcher.cs:324)
UniRx.InternalUtil.ThreadSafeQueueWorker:ExecuteAll (System.Action`1<System.Exception>) (at Assets/Plugins/LrFramework/Engine/Async_UniRx/UniRx/Scripts/InternalUtil/ThreadSafeQueueWorker.cs:81)
UniRx.MainThreadDispatcher:Update () (at Assets/Plugins/LrFramework/Engine/Async_UniRx/UniRx/Scripts/UnityEngineBridge/MainThreadDispatcher.cs:622)

[03:16:20]RemoteProviderException : Unable to load asset bundle from : file:///E:/SelfProject/LrLFramework/Library/com.unity.addressables/aa/Windows/StandaloneWindows64/dfb1f3bfb51962b8d98ba97491f67887_unitybuiltinshaders.bundle
UnityWebRequest result : ProtocolError : HTTP/1.1 404 Not Found
ResponseCode : 404, Method : GET
url : file:///E:/SelfProject/LrLFramework/Library/com.unity.addressables/aa/Windows/StandaloneWindows64/dfb1f3bfb51962b8d98ba97491f67887_unitybuiltinshaders.bundle


UnityEngine.AsyncOperation:InvokeCompletionEvent ()

[03:16:20]OperationException : GroupOperation failed because one of its dependencies failed
RemoteProviderException : Unable to load asset bundle from : file:///E:/SelfProject/LrLFramework/Library/com.unity.addressables/aa/Windows/StandaloneWindows64/hotscene_scenes_.bundle
UnityWebRequest result : ProtocolError : HTTP/1.1 404 Not Found
ResponseCode : 404, Method : GET
url : file:///E:/SelfProject/LrLFramework/Library/com.unity.addressables/aa/Windows/StandaloneWindows64/hotscene_scenes_.bundle


UnityEngine.ResourceManagement.AsyncOperations.AsyncOperationBase`1/<>c__DisplayClass60_0<UnityEngine.ResourceManagement.ResourceProviders.IAssetBundleResource>:<add_CompletedTypeless>b__0 (UnityEngine.ResourceManagement.AsyncOperations.AsyncOperationHandle`1<UnityEngine.ResourceManagement.ResourceProviders.IAssetBundleResource>)
DelegateList`1<UnityEngine.ResourceManagement.AsyncOperations.AsyncOperationHandle`1<UnityEngine.ResourceManagement.ResourceProviders.IAssetBundleResource>>:Invoke (UnityEngine.ResourceManagement.AsyncOperations.AsyncOperationHandle`1<UnityEngine.ResourceManagement.ResourceProviders.IAssetBundleResource>) (at ./Library/PackageCache/com.unity.addressables@1.21.21/Runtime/ResourceManager/Util/DelegateList.cs:75)
UnityEngine.ResourceManagement.ResourceManager:Update (single)
MonoBehaviourCallbackHooks:Update () (at ./Library/PackageCache/com.unity.addressables@1.21.21/Runtime/ResourceManager/Util/MonoBehaviourCallbackHooks.cs:29)

[03:16:20]OperationException : GroupOperation failed because one of its dependencies failed
RemoteProviderException : Unable to load asset bundle from : file:///E:/SelfProject/LrLFramework/Library/com.unity.addressables/aa/Windows/StandaloneWindows64/hotscene_scenes_.bundle
UnityWebRequest result : ProtocolError : HTTP/1.1 404 Not Found
ResponseCode : 404, Method : GET
url : file:///E:/SelfProject/LrLFramework/Library/com.unity.addressables/aa/Windows/StandaloneWindows64/hotscene_scenes_.bundle


UnityEngine.ResourceManagement.AsyncOperations.AsyncOperationBase`1/<>c__DisplayClass60_0<System.Collections.Generic.IList`1<UnityEngine.ResourceManagement.AsyncOperations.AsyncOperationHandle>>:<add_CompletedTypeless>b__0 (UnityEngine.ResourceManagement.AsyncOperations.AsyncOperationHandle`1<System.Collections.Generic.IList`1<UnityEngine.ResourceManagement.AsyncOperations.AsyncOperationHandle>>)
DelegateList`1<UnityEngine.ResourceManagement.AsyncOperations.AsyncOperationHandle`1<System.Collections.Generic.IList`1<UnityEngine.ResourceManagement.AsyncOperations.AsyncOperationHandle>>>:Invoke (UnityEngine.ResourceManagement.AsyncOperations.AsyncOperationHandle`1<System.Collections.Generic.IList`1<UnityEngine.ResourceManagement.AsyncOperations.AsyncOperationHandle>>) (at ./Library/PackageCache/com.unity.addressables@1.21.21/Runtime/ResourceManager/Util/DelegateList.cs:75)
UnityEngine.ResourceManagement.ResourceManager:Update (single)
MonoBehaviourCallbackHooks:Update () (at ./Library/PackageCache/com.unity.addressables@1.21.21/Runtime/ResourceManager/Util/MonoBehaviourCallbackHooks.cs:29)


[03:16:22]进度：0.4
UnityEngine.Debug:Log (object)
MainStep/<>c:<StartFlow>b__1_0 () (at Assets/Scripts/Hotfix/FlowSystem/MainStep.cs:29)
Flow.StepMachine/<StartSync>d__5:MoveNext () (at Assets/Scripts/Hotfix/FlowSystem/FlowTask.cs:87)
System.Runtime.CompilerServices.AsyncTaskMethodBuilder:SetResult ()
SceneFlow/<Logic>d__4:MoveNext () (at Assets/Scripts/Hotfix/FlowSystem/Flow/SceneFlow.cs:21)
UnityEngine.UnitySynchronizationContext:ExecuteTasks ()

[03:16:22]进度：0.6
UnityEngine.Debug:Log (object)
MainStep/<>c:<StartFlow>b__1_0 () (at Assets/Scripts/Hotfix/FlowSystem/MainStep.cs:29)
Flow.StepMachine/<StartSync>d__5:MoveNext () (at Assets/Scripts/Hotfix/FlowSystem/FlowTask.cs:87)
System.Runtime.CompilerServices.AsyncTaskMethodBuilder:SetResult ()
SceneFlow/<Logic>d__4:MoveNext () (at Assets/Scripts/Hotfix/FlowSystem/Flow/SceneFlow.cs:21)
UnityEngine.UnitySynchronizationContext:ExecuteTasks ()

[03:16:22]加载Table 
UnityEngine.Debug:Log (object)
TableFlow:Logic () (at Assets/Scripts/Hotfix/FlowSystem/Flow/TableFlow.cs:15)
Flow.StepMachine/<StartSync>d__5:MoveNext () (at Assets/Scripts/Hotfix/FlowSystem/FlowTask.cs:85)
System.Runtime.CompilerServices.AsyncTaskMethodBuilder:SetResult ()
SceneFlow/<Logic>d__4:MoveNext () (at Assets/Scripts/Hotfix/FlowSystem/Flow/SceneFlow.cs:21)
UnityEngine.UnitySynchronizationContext:ExecuteTasks ()

[03:16:22]加载配置表:enemy
UnityEngine.Debug:Log (object,UnityEngine.Object)
LogInfo.Info:Log (string)
Table.TableManager:LoadMethod<int, Table.enemy> (System.Type) (at Assets/Plugins/LrFramework/Engine/Common/Table/TableManager.cs:102)
Table.TableLib:InitTable () (at Assets/Scripts/Hotfix/Table/TableLib.cs:12)
TableFlow:Logic () (at Assets/Scripts/Hotfix/FlowSystem/Flow/TableFlow.cs:16)
Flow.StepMachine/<StartSync>d__5:MoveNext () (at Assets/Scripts/Hotfix/FlowSystem/FlowTask.cs:85)
System.Runtime.CompilerServices.AsyncTaskMethodBuilder:SetResult ()
SceneFlow/<Logic>d__4:MoveNext () (at Assets/Scripts/Hotfix/FlowSystem/Flow/SceneFlow.cs:21)
UnityEngine.UnitySynchronizationContext:ExecuteTasks ()

[03:16:22]加载配置表:taskSystem
UnityEngine.Debug:Log (object,UnityEngine.Object)
LogInfo.Info:Log (string)
Table.TableManager:LoadMethod<int, Table.taskSystem> (System.Type) (at Assets/Plugins/LrFramework/Engine/Common/Table/TableManager.cs:102)
Table.TableLib:InitTable () (at Assets/Scripts/Hotfix/Table/TableLib.cs:14)
TableFlow:Logic () (at Assets/Scripts/Hotfix/FlowSystem/Flow/TableFlow.cs:16)
Flow.StepMachine/<StartSync>d__5:MoveNext () (at Assets/Scripts/Hotfix/FlowSystem/FlowTask.cs:85)
System.Runtime.CompilerServices.AsyncTaskMethodBuilder:SetResult ()
SceneFlow/<Logic>d__4:MoveNext () (at Assets/Scripts/Hotfix/FlowSystem/Flow/SceneFlow.cs:21)
UnityEngine.UnitySynchronizationContext:ExecuteTasks ()

[03:16:22]加载配置表:shareTable
UnityEngine.Debug:Log (object,UnityEngine.Object)
LogInfo.Info:Log (string)
Table.TableManager:LoadMethod<int, Table.shareTable> (System.Type) (at Assets/Plugins/LrFramework/Engine/Common/Table/TableManager.cs:102)
Table.TableLib:InitTable () (at Assets/Scripts/Hotfix/Table/TableLib.cs:16)
TableFlow:Logic () (at Assets/Scripts/Hotfix/FlowSystem/Flow/TableFlow.cs:16)
Flow.StepMachine/<StartSync>d__5:MoveNext () (at Assets/Scripts/Hotfix/FlowSystem/FlowTask.cs:85)
System.Runtime.CompilerServices.AsyncTaskMethodBuilder:SetResult ()
SceneFlow/<Logic>d__4:MoveNext () (at Assets/Scripts/Hotfix/FlowSystem/Flow/SceneFlow.cs:21)
UnityEngine.UnitySynchronizationContext:ExecuteTasks ()

[03:16:22]加载配置表:ultimateTable
UnityEngine.Debug:Log (object,UnityEngine.Object)
LogInfo.Info:Log (string)
Table.TableManager:LoadMethod<int, Table.ultimateTable> (System.Type) (at Assets/Plugins/LrFramework/Engine/Common/Table/TableManager.cs:102)
Table.TableLib:InitTable () (at Assets/Scripts/Hotfix/Table/TableLib.cs:18)
TableFlow:Logic () (at Assets/Scripts/Hotfix/FlowSystem/Flow/TableFlow.cs:16)
Flow.StepMachine/<StartSync>d__5:MoveNext () (at Assets/Scripts/Hotfix/FlowSystem/FlowTask.cs:85)
System.Runtime.CompilerServices.AsyncTaskMethodBuilder:SetResult ()
SceneFlow/<Logic>d__4:MoveNext () (at Assets/Scripts/Hotfix/FlowSystem/Flow/SceneFlow.cs:21)
UnityEngine.UnitySynchronizationContext:ExecuteTasks ()

[03:16:22]加载配置表:energy
UnityEngine.Debug:Log (object,UnityEngine.Object)
LogInfo.Info:Log (string)
Table.TableManager:LoadMethod<int, Table.energy> (System.Type) (at Assets/Plugins/LrFramework/Engine/Common/Table/TableManager.cs:102)
Table.TableLib:InitTable () (at Assets/Scripts/Hotfix/Table/TableLib.cs:20)
TableFlow:Logic () (at Assets/Scripts/Hotfix/FlowSystem/Flow/TableFlow.cs:16)
Flow.StepMachine/<StartSync>d__5:MoveNext () (at Assets/Scripts/Hotfix/FlowSystem/FlowTask.cs:85)
System.Runtime.CompilerServices.AsyncTaskMethodBuilder:SetResult ()
SceneFlow/<Logic>d__4:MoveNext () (at Assets/Scripts/Hotfix/FlowSystem/Flow/SceneFlow.cs:21)
UnityEngine.UnitySynchronizationContext:ExecuteTasks ()

[03:16:22]加载配置表:party
UnityEngine.Debug:Log (object,UnityEngine.Object)
LogInfo.Info:Log (string)
Table.TableManager:LoadMethod<int, Table.party> (System.Type) (at Assets/Plugins/LrFramework/Engine/Common/Table/TableManager.cs:102)
Table.TableLib:InitTable () (at Assets/Scripts/Hotfix/Table/TableLib.cs:22)
TableFlow:Logic () (at Assets/Scripts/Hotfix/FlowSystem/Flow/TableFlow.cs:16)
Flow.StepMachine/<StartSync>d__5:MoveNext () (at Assets/Scripts/Hotfix/FlowSystem/FlowTask.cs:85)
System.Runtime.CompilerServices.AsyncTaskMethodBuilder:SetResult ()
SceneFlow/<Logic>d__4:MoveNext () (at Assets/Scripts/Hotfix/FlowSystem/Flow/SceneFlow.cs:21)
UnityEngine.UnitySynchronizationContext:ExecuteTasks ()


[03:16:23]进度：0.8
UnityEngine.Debug:Log (object)
MainStep/<>c:<StartFlow>b__1_0 () (at Assets/Scripts/Hotfix/FlowSystem/MainStep.cs:29)
Flow.StepMachine/<StartSync>d__5:MoveNext () (at Assets/Scripts/Hotfix/FlowSystem/FlowTask.cs:87)
UnityEngine.UnitySynchronizationContext:ExecuteTasks ()

[03:16:23]进度：1
UnityEngine.Debug:Log (object)
MainStep/<>c:<StartFlow>b__1_0 () (at Assets/Scripts/Hotfix/FlowSystem/MainStep.cs:29)
Flow.StepMachine/<StartSync>d__5:MoveNext () (at Assets/Scripts/Hotfix/FlowSystem/FlowTask.cs:87)
UnityEngine.UnitySynchronizationContext:ExecuteTasks ()

[03:16:23]处理流程逻辑后事件
UnityEngine.Debug:Log (object)
Flow.FlowAppend:Postfix () (at Assets/Scripts/Hotfix/FlowSystem/FlowAppend.cs:34)
MainStep/<StartFlow>d__1:MoveNext () (at Assets/Scripts/Hotfix/FlowSystem/MainStep.cs:33)
System.Runtime.CompilerServices.AsyncTaskMethodBuilder:SetResult ()
Flow.FlowGame/<StartSync>d__10:MoveNext () (at Assets/Scripts/Hotfix/FlowSystem/FlowGame.cs:58)
System.Runtime.CompilerServices.AsyncTaskMethodBuilder:SetResult ()
Flow.StepMachine/<StartSync>d__5:MoveNext () (at Assets/Scripts/Hotfix/FlowSystem/FlowTask.cs:90)
UnityEngine.UnitySynchronizationContext:ExecuteTasks ()

[03:16:23]BaseSettingAppend Postfix
UnityEngine.Debug:Log (object)
BaseSettingAppend:Postfix () (at Assets/Scripts/Hotfix/FlowSystem/Append/BaseSettingAppend.cs:10)
Flow.FlowAppend:Postfix () (at Assets/Scripts/Hotfix/FlowSystem/FlowAppend.cs:37)
MainStep/<StartFlow>d__1:MoveNext () (at Assets/Scripts/Hotfix/FlowSystem/MainStep.cs:33)
System.Runtime.CompilerServices.AsyncTaskMethodBuilder:SetResult ()
Flow.FlowGame/<StartSync>d__10:MoveNext () (at Assets/Scripts/Hotfix/FlowSystem/FlowGame.cs:58)
System.Runtime.CompilerServices.AsyncTaskMethodBuilder:SetResult ()
Flow.StepMachine/<StartSync>d__5:MoveNext () (at Assets/Scripts/Hotfix/FlowSystem/FlowTask.cs:90)
UnityEngine.UnitySynchronizationContext:ExecuteTasks ()


