[05:53:49]项目名字：AddressableAESEncrypt
UnityEngine.Debug:Log (object,UnityEngine.Object)
LogInfo.Info:Log (string)
LogInfo.Info:Init (string)
Debuger:Init () (at Assets/Plugins/LrFramework/Engine/InfoLog/Debuger.cs:26)

[05:53:49]日志时间：20240904
UnityEngine.Debug:Log (object,UnityEngine.Object)
LogInfo.Info:Log (string)
LogInfo.Info:Init (string)
Debuger:Init () (at Assets/Plugins/LrFramework/Engine/InfoLog/Debuger.cs:26)

[05:53:49]本地日志地址：E:\SelfProject\LrLFramework/Log/20240904/055349.log
UnityEngine.Debug:Log (object,UnityEngine.Object)
LogInfo.Info:Log (string)
LogInfo.Info:Init (string)
Debuger:Init () (at Assets/Plugins/LrFramework/Engine/InfoLog/Debuger.cs:26)

[05:53:49]服务器日志地址：101.33.207.93
UnityEngine.Debug:Log (object,UnityEngine.Object)
LogInfo.Info:Log (string)
LogInfo.Info:Init (string)
Debuger:Init () (at Assets/Plugins/LrFramework/Engine/InfoLog/Debuger.cs:26)

[05:53:49]开启日志线程
UnityEngine.Debug:Log (object,UnityEngine.Object)
LogInfo.Info:Log (string)
LogInfo.Info:Init (string)
Debuger:Init () (at Assets/Plugins/LrFramework/Engine/InfoLog/Debuger.cs:26)


[05:53:49]实例化：Table.TableManager
UnityEngine.Debug:Log (object,UnityEngine.Object)
LogInfo.Info:Log (string)
Table.TableManager:Init () (at Assets/Plugins/LrFramework/Engine/Common/Table/TableManager.cs:24)

[05:53:49]Scene Main is loaded
UnityEngine.Debug:Log (object)
Reporter:_OnLevelWasLoaded (UnityEngine.SceneManagement.Scene,UnityEngine.SceneManagement.LoadSceneMode) (at Assets/Plugins/UnityLogViewer/Reporter/Reporter.cs:2055)
UnityEngine.SceneManagement.SceneManager:Internal_SceneLoaded (UnityEngine.SceneManagement.Scene,UnityEngine.SceneManagement.LoadSceneMode)

[05:53:49]当前场景：Main
UnityEngine.Debug:Log (object)
ExtendUpdate:Awake () (at Assets/Plugins/LrFramework/Engine/Common/Core/Extend/ExtendUpdate.cs:43)
UnityEngine.GameObject:AddComponent<ExtendUpdate> ()
ExtendUpdate:get_instance () (at Assets/Plugins/LrFramework/Engine/Common/Core/Extend/ExtendUpdate.cs:20)
ExtendUpdate:Init () (at Assets/Plugins/LrFramework/Engine/Common/Core/Extend/ExtendUpdate.cs:31)

[05:53:49]实例化：ExtendUpdate (ExtendUpdate)
UnityEngine.Debug:Log (object)
ExtendUpdate:Init () (at Assets/Plugins/LrFramework/Engine/Common/Core/Extend/ExtendUpdate.cs:31)

[05:53:49]实例化：InputMethod (InputMethod)
UnityEngine.Debug:Log (object)
InputMethod:StartInit () (at Assets/Plugins/LrFramework/Engine/Common/Core/Extend/InputMethod.cs:32)

[05:53:49]need Updates:0
UnityEngine.Debug:Log (object)
CheckUpdateCatalog/<CheckUpdte>d__3:MoveNext () (at Assets/Scripts/BuildIn/Engine/CheckUpdateCatalog.cs:38)
UnityEngine.UnitySynchronizationContext:ExecuteTasks ()

[05:53:49]需要处理的流程：5
UnityEngine.Debug:Log (object)
Flow.FlowGame:GetLayerFlow (int) (at Assets/Scripts/Hotfix/FlowSystem/FlowGame.cs:30)
MainStep/<StartFlow>d__1:MoveNext () (at Assets/Scripts/Hotfix/FlowSystem/MainStep.cs:23)
System.Runtime.CompilerServices.AsyncVoidMethodBuilder:Start<MainStep/<StartFlow>d__1> (MainStep/<StartFlow>d__1&)
MainStep:StartFlow ()
MainStep:Awake () (at Assets/Scripts/Hotfix/FlowSystem/MainStep.cs:14)
UnityEngine.GameObject:.ctor (string,System.Type[])
Program:Main () (at Assets/Scripts/Hotfix/FlowSystem/Program.cs:27)
UnityEngine.Events.UnityEvent:Invoke ()
MainLogic/<Start>d__1:MoveNext () (at Assets/Scripts/BuildIn/Engine/MainLogic.cs:26)
System.Runtime.CompilerServices.AsyncTaskMethodBuilder:SetResult ()
CheckUpdateCatalog/<CheckUpdte>d__3:MoveNext () (at Assets/Scripts/BuildIn/Engine/CheckUpdateCatalog.cs:47)
UnityEngine.UnitySynchronizationContext:ExecuteTasks ()

[05:53:49]处理流程逻辑前事件
UnityEngine.Debug:Log (object)
Flow.FlowAppend:Prefix () (at Assets/Scripts/Hotfix/FlowSystem/FlowAppend.cs:25)
MainStep/<StartFlow>d__1:MoveNext () (at Assets/Scripts/Hotfix/FlowSystem/MainStep.cs:25)
System.Runtime.CompilerServices.AsyncVoidMethodBuilder:Start<MainStep/<StartFlow>d__1> (MainStep/<StartFlow>d__1&)
MainStep:StartFlow ()
MainStep:Awake () (at Assets/Scripts/Hotfix/FlowSystem/MainStep.cs:14)
UnityEngine.GameObject:.ctor (string,System.Type[])
Program:Main () (at Assets/Scripts/Hotfix/FlowSystem/Program.cs:27)
UnityEngine.Events.UnityEvent:Invoke ()
MainLogic/<Start>d__1:MoveNext () (at Assets/Scripts/BuildIn/Engine/MainLogic.cs:26)
System.Runtime.CompilerServices.AsyncTaskMethodBuilder:SetResult ()
CheckUpdateCatalog/<CheckUpdte>d__3:MoveNext () (at Assets/Scripts/BuildIn/Engine/CheckUpdateCatalog.cs:47)
UnityEngine.UnitySynchronizationContext:ExecuteTasks ()

[05:53:49]BaseSettingAppend Prefix
UnityEngine.Debug:Log (object)
BaseSettingAppend:Prefix () (at Assets/Scripts/Hotfix/FlowSystem/Append/BaseSettingAppend.cs:23)
Flow.FlowAppend:Prefix () (at Assets/Scripts/Hotfix/FlowSystem/FlowAppend.cs:28)
MainStep/<StartFlow>d__1:MoveNext () (at Assets/Scripts/Hotfix/FlowSystem/MainStep.cs:25)
System.Runtime.CompilerServices.AsyncVoidMethodBuilder:Start<MainStep/<StartFlow>d__1> (MainStep/<StartFlow>d__1&)
MainStep:StartFlow ()
MainStep:Awake () (at Assets/Scripts/Hotfix/FlowSystem/MainStep.cs:14)
UnityEngine.GameObject:.ctor (string,System.Type[])
Program:Main () (at Assets/Scripts/Hotfix/FlowSystem/Program.cs:27)
UnityEngine.Events.UnityEvent:Invoke ()
MainLogic/<Start>d__1:MoveNext () (at Assets/Scripts/BuildIn/Engine/MainLogic.cs:26)
System.Runtime.CompilerServices.AsyncTaskMethodBuilder:SetResult ()
CheckUpdateCatalog/<CheckUpdte>d__3:MoveNext () (at Assets/Scripts/BuildIn/Engine/CheckUpdateCatalog.cs:47)
UnityEngine.UnitySynchronizationContext:ExecuteTasks ()

[05:53:49]linker缓存文件夹:C:/Users/unityLR/AppData/LocalLow/DefaultCompany/AddressableAESEncrypt/AssetLinker
UnityEngine.Debug:Log (object)
AssetLoader/<Init>d__6:MoveNext () (at Assets/Plugins/LrFramework/Engine/Common/AssetLoader/AssetLoader.cs:59)
System.Runtime.CompilerServices.AsyncTaskMethodBuilder:Start<AssetLoader/<Init>d__6> (AssetLoader/<Init>d__6&)
AssetLoader:Init ()
LinkerFlow/<Logic>d__4:MoveNext () (at Assets/Scripts/Hotfix/FlowSystem/Flow/LinkerFlow.cs:15)
System.Runtime.CompilerServices.AsyncTaskMethodBuilder:Start<LinkerFlow/<Logic>d__4> (LinkerFlow/<Logic>d__4&)
LinkerFlow:Logic ()
Flow.StepMachine/<StartSync>d__5:MoveNext () (at Assets/Scripts/Hotfix/FlowSystem/FlowTask.cs:85)
System.Runtime.CompilerServices.AsyncTaskMethodBuilder:Start<Flow.StepMachine/<StartSync>d__5> (Flow.StepMachine/<StartSync>d__5&)
Flow.StepMachine:StartSync (UnityEngine.Events.UnityAction)
Flow.FlowGame/<StartSync>d__10:MoveNext () (at Assets/Scripts/Hotfix/FlowSystem/FlowGame.cs:57)
System.Runtime.CompilerServices.AsyncTaskMethodBuilder:Start<Flow.FlowGame/<StartSync>d__10> (Flow.FlowGame/<StartSync>d__10&)
Flow.FlowGame:StartSync (UnityEngine.Events.UnityAction)
MainStep/<StartFlow>d__1:MoveNext () (at Assets/Scripts/Hotfix/FlowSystem/MainStep.cs:27)
System.Runtime.CompilerServices.AsyncVoidMethodBuilder:Start<MainStep/<StartFlow>d__1> (MainStep/<StartFlow>d__1&)
MainStep:StartFlow ()
MainStep:Awake () (at Assets/Scripts/Hotfix/FlowSystem/MainStep.cs:14)
UnityEngine.GameObject:.ctor (string,System.Type[])
Program:Main () (at Assets/Scripts/Hotfix/FlowSystem/Program.cs:27)
UnityEngine.Events.UnityEvent:Invoke ()
MainLogic/<Start>d__1:MoveNext () (at Assets/Scripts/BuildIn/Engine/MainLogic.cs:26)
System.Runtime.CompilerServices.AsyncTaskMethodBuilder:SetResult ()
CheckUpdateCatalog/<CheckUpdte>d__3:MoveNext () (at Assets/Scripts/BuildIn/Engine/CheckUpdateCatalog.cs:47)
UnityEngine.UnitySynchronizationContext:ExecuteTasks ()

[05:53:49]读取cache的配置文件:C:/Users/unityLR/AppData/LocalLow/DefaultCompany/AddressableAESEncrypt/AssetLinker/AssetLinker.json
UnityEngine.Debug:Log (object)
AssetLoader/<Init>d__6:MoveNext () (at Assets/Plugins/LrFramework/Engine/Common/AssetLoader/AssetLoader.cs:88)
System.Runtime.CompilerServices.AsyncTaskMethodBuilder:Start<AssetLoader/<Init>d__6> (AssetLoader/<Init>d__6&)
AssetLoader:Init ()
LinkerFlow/<Logic>d__4:MoveNext () (at Assets/Scripts/Hotfix/FlowSystem/Flow/LinkerFlow.cs:15)
System.Runtime.CompilerServices.AsyncTaskMethodBuilder:Start<LinkerFlow/<Logic>d__4> (LinkerFlow/<Logic>d__4&)
LinkerFlow:Logic ()
Flow.StepMachine/<StartSync>d__5:MoveNext () (at Assets/Scripts/Hotfix/FlowSystem/FlowTask.cs:85)
System.Runtime.CompilerServices.AsyncTaskMethodBuilder:Start<Flow.StepMachine/<StartSync>d__5> (Flow.StepMachine/<StartSync>d__5&)
Flow.StepMachine:StartSync (UnityEngine.Events.UnityAction)
Flow.FlowGame/<StartSync>d__10:MoveNext () (at Assets/Scripts/Hotfix/FlowSystem/FlowGame.cs:57)
System.Runtime.CompilerServices.AsyncTaskMethodBuilder:Start<Flow.FlowGame/<StartSync>d__10> (Flow.FlowGame/<StartSync>d__10&)
Flow.FlowGame:StartSync (UnityEngine.Events.UnityAction)
MainStep/<StartFlow>d__1:MoveNext () (at Assets/Scripts/Hotfix/FlowSystem/MainStep.cs:27)
System.Runtime.CompilerServices.AsyncVoidMethodBuilder:Start<MainStep/<StartFlow>d__1> (MainStep/<StartFlow>d__1&)
MainStep:StartFlow ()
MainStep:Awake () (at Assets/Scripts/Hotfix/FlowSystem/MainStep.cs:14)
UnityEngine.GameObject:.ctor (string,System.Type[])
Program:Main () (at Assets/Scripts/Hotfix/FlowSystem/Program.cs:27)
UnityEngine.Events.UnityEvent:Invoke ()
MainLogic/<Start>d__1:MoveNext () (at Assets/Scripts/BuildIn/Engine/MainLogic.cs:26)
System.Runtime.CompilerServices.AsyncTaskMethodBuilder:SetResult ()
CheckUpdateCatalog/<CheckUpdte>d__3:MoveNext () (at Assets/Scripts/BuildIn/Engine/CheckUpdateCatalog.cs:47)
UnityEngine.UnitySynchronizationContext:ExecuteTasks ()

[05:53:49]New linker found: Streamable/Tr.st
UnityEngine.Debug:Log (object)
AssetLoader/<Init>d__6:MoveNext () (at Assets/Plugins/LrFramework/Engine/Common/AssetLoader/AssetLoader.cs:135)
System.Runtime.CompilerServices.AsyncTaskMethodBuilder:Start<AssetLoader/<Init>d__6> (AssetLoader/<Init>d__6&)
AssetLoader:Init ()
LinkerFlow/<Logic>d__4:MoveNext () (at Assets/Scripts/Hotfix/FlowSystem/Flow/LinkerFlow.cs:15)
System.Runtime.CompilerServices.AsyncTaskMethodBuilder:Start<LinkerFlow/<Logic>d__4> (LinkerFlow/<Logic>d__4&)
LinkerFlow:Logic ()
Flow.StepMachine/<StartSync>d__5:MoveNext () (at Assets/Scripts/Hotfix/FlowSystem/FlowTask.cs:85)
System.Runtime.CompilerServices.AsyncTaskMethodBuilder:Start<Flow.StepMachine/<StartSync>d__5> (Flow.StepMachine/<StartSync>d__5&)
Flow.StepMachine:StartSync (UnityEngine.Events.UnityAction)
Flow.FlowGame/<StartSync>d__10:MoveNext () (at Assets/Scripts/Hotfix/FlowSystem/FlowGame.cs:57)
System.Runtime.CompilerServices.AsyncTaskMethodBuilder:Start<Flow.FlowGame/<StartSync>d__10> (Flow.FlowGame/<StartSync>d__10&)
Flow.FlowGame:StartSync (UnityEngine.Events.UnityAction)
MainStep/<StartFlow>d__1:MoveNext () (at Assets/Scripts/Hotfix/FlowSystem/MainStep.cs:27)
System.Runtime.CompilerServices.AsyncVoidMethodBuilder:Start<MainStep/<StartFlow>d__1> (MainStep/<StartFlow>d__1&)
MainStep:StartFlow ()
MainStep:Awake () (at Assets/Scripts/Hotfix/FlowSystem/MainStep.cs:14)
UnityEngine.GameObject:.ctor (string,System.Type[])
Program:Main () (at Assets/Scripts/Hotfix/FlowSystem/Program.cs:27)
UnityEngine.Events.UnityEvent:Invoke ()
MainLogic/<Start>d__1:MoveNext () (at Assets/Scripts/BuildIn/Engine/MainLogic.cs:26)
System.Runtime.CompilerServices.AsyncTaskMethodBuilder:SetResult ()
CheckUpdateCatalog/<CheckUpdte>d__3:MoveNext () (at Assets/Scripts/BuildIn/Engine/CheckUpdateCatalog.cs:47)
UnityEngine.UnitySynchronizationContext:ExecuteTasks ()

[05:53:49]New linker found: Streamable/Trg.st
UnityEngine.Debug:Log (object)
AssetLoader/<Init>d__6:MoveNext () (at Assets/Plugins/LrFramework/Engine/Common/AssetLoader/AssetLoader.cs:135)
System.Runtime.CompilerServices.AsyncTaskMethodBuilder:Start<AssetLoader/<Init>d__6> (AssetLoader/<Init>d__6&)
AssetLoader:Init ()
LinkerFlow/<Logic>d__4:MoveNext () (at Assets/Scripts/Hotfix/FlowSystem/Flow/LinkerFlow.cs:15)
System.Runtime.CompilerServices.AsyncTaskMethodBuilder:Start<LinkerFlow/<Logic>d__4> (LinkerFlow/<Logic>d__4&)
LinkerFlow:Logic ()
Flow.StepMachine/<StartSync>d__5:MoveNext () (at Assets/Scripts/Hotfix/FlowSystem/FlowTask.cs:85)
System.Runtime.CompilerServices.AsyncTaskMethodBuilder:Start<Flow.StepMachine/<StartSync>d__5> (Flow.StepMachine/<StartSync>d__5&)
Flow.StepMachine:StartSync (UnityEngine.Events.UnityAction)
Flow.FlowGame/<StartSync>d__10:MoveNext () (at Assets/Scripts/Hotfix/FlowSystem/FlowGame.cs:57)
System.Runtime.CompilerServices.AsyncTaskMethodBuilder:Start<Flow.FlowGame/<StartSync>d__10> (Flow.FlowGame/<StartSync>d__10&)
Flow.FlowGame:StartSync (UnityEngine.Events.UnityAction)
MainStep/<StartFlow>d__1:MoveNext () (at Assets/Scripts/Hotfix/FlowSystem/MainStep.cs:27)
System.Runtime.CompilerServices.AsyncVoidMethodBuilder:Start<MainStep/<StartFlow>d__1> (MainStep/<StartFlow>d__1&)
MainStep:StartFlow ()
MainStep:Awake () (at Assets/Scripts/Hotfix/FlowSystem/MainStep.cs:14)
UnityEngine.GameObject:.ctor (string,System.Type[])
Program:Main () (at Assets/Scripts/Hotfix/FlowSystem/Program.cs:27)
UnityEngine.Events.UnityEvent:Invoke ()
MainLogic/<Start>d__1:MoveNext () (at Assets/Scripts/BuildIn/Engine/MainLogic.cs:26)
System.Runtime.CompilerServices.AsyncTaskMethodBuilder:SetResult ()
CheckUpdateCatalog/<CheckUpdte>d__3:MoveNext () (at Assets/Scripts/BuildIn/Engine/CheckUpdateCatalog.cs:47)
UnityEngine.UnitySynchronizationContext:ExecuteTasks ()

[05:53:49]New linker found: Table/enemy.bytes
UnityEngine.Debug:Log (object)
AssetLoader/<Init>d__6:MoveNext () (at Assets/Plugins/LrFramework/Engine/Common/AssetLoader/AssetLoader.cs:135)
System.Runtime.CompilerServices.AsyncTaskMethodBuilder:Start<AssetLoader/<Init>d__6> (AssetLoader/<Init>d__6&)
AssetLoader:Init ()
LinkerFlow/<Logic>d__4:MoveNext () (at Assets/Scripts/Hotfix/FlowSystem/Flow/LinkerFlow.cs:15)
System.Runtime.CompilerServices.AsyncTaskMethodBuilder:Start<LinkerFlow/<Logic>d__4> (LinkerFlow/<Logic>d__4&)
LinkerFlow:Logic ()
Flow.StepMachine/<StartSync>d__5:MoveNext () (at Assets/Scripts/Hotfix/FlowSystem/FlowTask.cs:85)
System.Runtime.CompilerServices.AsyncTaskMethodBuilder:Start<Flow.StepMachine/<StartSync>d__5> (Flow.StepMachine/<StartSync>d__5&)
Flow.StepMachine:StartSync (UnityEngine.Events.UnityAction)
Flow.FlowGame/<StartSync>d__10:MoveNext () (at Assets/Scripts/Hotfix/FlowSystem/FlowGame.cs:57)
System.Runtime.CompilerServices.AsyncTaskMethodBuilder:Start<Flow.FlowGame/<StartSync>d__10> (Flow.FlowGame/<StartSync>d__10&)
Flow.FlowGame:StartSync (UnityEngine.Events.UnityAction)
MainStep/<StartFlow>d__1:MoveNext () (at Assets/Scripts/Hotfix/FlowSystem/MainStep.cs:27)
System.Runtime.CompilerServices.AsyncVoidMethodBuilder:Start<MainStep/<StartFlow>d__1> (MainStep/<StartFlow>d__1&)
MainStep:StartFlow ()
MainStep:Awake () (at Assets/Scripts/Hotfix/FlowSystem/MainStep.cs:14)
UnityEngine.GameObject:.ctor (string,System.Type[])
Program:Main () (at Assets/Scripts/Hotfix/FlowSystem/Program.cs:27)
UnityEngine.Events.UnityEvent:Invoke ()
MainLogic/<Start>d__1:MoveNext () (at Assets/Scripts/BuildIn/Engine/MainLogic.cs:26)
System.Runtime.CompilerServices.AsyncTaskMethodBuilder:SetResult ()
CheckUpdateCatalog/<CheckUpdte>d__3:MoveNext () (at Assets/Scripts/BuildIn/Engine/CheckUpdateCatalog.cs:47)
UnityEngine.UnitySynchronizationContext:ExecuteTasks ()

[05:53:49]New linker found: Table/energy.bytes
UnityEngine.Debug:Log (object)
AssetLoader/<Init>d__6:MoveNext () (at Assets/Plugins/LrFramework/Engine/Common/AssetLoader/AssetLoader.cs:135)
System.Runtime.CompilerServices.AsyncTaskMethodBuilder:Start<AssetLoader/<Init>d__6> (AssetLoader/<Init>d__6&)
AssetLoader:Init ()
LinkerFlow/<Logic>d__4:MoveNext () (at Assets/Scripts/Hotfix/FlowSystem/Flow/LinkerFlow.cs:15)
System.Runtime.CompilerServices.AsyncTaskMethodBuilder:Start<LinkerFlow/<Logic>d__4> (LinkerFlow/<Logic>d__4&)
LinkerFlow:Logic ()
Flow.StepMachine/<StartSync>d__5:MoveNext () (at Assets/Scripts/Hotfix/FlowSystem/FlowTask.cs:85)
System.Runtime.CompilerServices.AsyncTaskMethodBuilder:Start<Flow.StepMachine/<StartSync>d__5> (Flow.StepMachine/<StartSync>d__5&)
Flow.StepMachine:StartSync (UnityEngine.Events.UnityAction)
Flow.FlowGame/<StartSync>d__10:MoveNext () (at Assets/Scripts/Hotfix/FlowSystem/FlowGame.cs:57)
System.Runtime.CompilerServices.AsyncTaskMethodBuilder:Start<Flow.FlowGame/<StartSync>d__10> (Flow.FlowGame/<StartSync>d__10&)
Flow.FlowGame:StartSync (UnityEngine.Events.UnityAction)
MainStep/<StartFlow>d__1:MoveNext () (at Assets/Scripts/Hotfix/FlowSystem/MainStep.cs:27)
System.Runtime.CompilerServices.AsyncVoidMethodBuilder:Start<MainStep/<StartFlow>d__1> (MainStep/<StartFlow>d__1&)
MainStep:StartFlow ()
MainStep:Awake () (at Assets/Scripts/Hotfix/FlowSystem/MainStep.cs:14)
UnityEngine.GameObject:.ctor (string,System.Type[])
Program:Main () (at Assets/Scripts/Hotfix/FlowSystem/Program.cs:27)
UnityEngine.Events.UnityEvent:Invoke ()
MainLogic/<Start>d__1:MoveNext () (at Assets/Scripts/BuildIn/Engine/MainLogic.cs:26)
System.Runtime.CompilerServices.AsyncTaskMethodBuilder:SetResult ()
CheckUpdateCatalog/<CheckUpdte>d__3:MoveNext () (at Assets/Scripts/BuildIn/Engine/CheckUpdateCatalog.cs:47)
UnityEngine.UnitySynchronizationContext:ExecuteTasks ()

[05:53:49]New linker found: Table/party.bytes
UnityEngine.Debug:Log (object)
AssetLoader/<Init>d__6:MoveNext () (at Assets/Plugins/LrFramework/Engine/Common/AssetLoader/AssetLoader.cs:135)
System.Runtime.CompilerServices.AsyncTaskMethodBuilder:Start<AssetLoader/<Init>d__6> (AssetLoader/<Init>d__6&)
AssetLoader:Init ()
LinkerFlow/<Logic>d__4:MoveNext () (at Assets/Scripts/Hotfix/FlowSystem/Flow/LinkerFlow.cs:15)
System.Runtime.CompilerServices.AsyncTaskMethodBuilder:Start<LinkerFlow/<Logic>d__4> (LinkerFlow/<Logic>d__4&)
LinkerFlow:Logic ()
Flow.StepMachine/<StartSync>d__5:MoveNext () (at Assets/Scripts/Hotfix/FlowSystem/FlowTask.cs:85)
System.Runtime.CompilerServices.AsyncTaskMethodBuilder:Start<Flow.StepMachine/<StartSync>d__5> (Flow.StepMachine/<StartSync>d__5&)
Flow.StepMachine:StartSync (UnityEngine.Events.UnityAction)
Flow.FlowGame/<StartSync>d__10:MoveNext () (at Assets/Scripts/Hotfix/FlowSystem/FlowGame.cs:57)
System.Runtime.CompilerServices.AsyncTaskMethodBuilder:Start<Flow.FlowGame/<StartSync>d__10> (Flow.FlowGame/<StartSync>d__10&)
Flow.FlowGame:StartSync (UnityEngine.Events.UnityAction)
MainStep/<StartFlow>d__1:MoveNext () (at Assets/Scripts/Hotfix/FlowSystem/MainStep.cs:27)
System.Runtime.CompilerServices.AsyncVoidMethodBuilder:Start<MainStep/<StartFlow>d__1> (MainStep/<StartFlow>d__1&)
MainStep:StartFlow ()
MainStep:Awake () (at Assets/Scripts/Hotfix/FlowSystem/MainStep.cs:14)
UnityEngine.GameObject:.ctor (string,System.Type[])
Program:Main () (at Assets/Scripts/Hotfix/FlowSystem/Program.cs:27)
UnityEngine.Events.UnityEvent:Invoke ()
MainLogic/<Start>d__1:MoveNext () (at Assets/Scripts/BuildIn/Engine/MainLogic.cs:26)
System.Runtime.CompilerServices.AsyncTaskMethodBuilder:SetResult ()
CheckUpdateCatalog/<CheckUpdte>d__3:MoveNext () (at Assets/Scripts/BuildIn/Engine/CheckUpdateCatalog.cs:47)
UnityEngine.UnitySynchronizationContext:ExecuteTasks ()

[05:53:49]New linker found: Table/shareTable.bytes
UnityEngine.Debug:Log (object)
AssetLoader/<Init>d__6:MoveNext () (at Assets/Plugins/LrFramework/Engine/Common/AssetLoader/AssetLoader.cs:135)
System.Runtime.CompilerServices.AsyncTaskMethodBuilder:Start<AssetLoader/<Init>d__6> (AssetLoader/<Init>d__6&)
AssetLoader:Init ()
LinkerFlow/<Logic>d__4:MoveNext () (at Assets/Scripts/Hotfix/FlowSystem/Flow/LinkerFlow.cs:15)
System.Runtime.CompilerServices.AsyncTaskMethodBuilder:Start<LinkerFlow/<Logic>d__4> (LinkerFlow/<Logic>d__4&)
LinkerFlow:Logic ()
Flow.StepMachine/<StartSync>d__5:MoveNext () (at Assets/Scripts/Hotfix/FlowSystem/FlowTask.cs:85)
System.Runtime.CompilerServices.AsyncTaskMethodBuilder:Start<Flow.StepMachine/<StartSync>d__5> (Flow.StepMachine/<StartSync>d__5&)
Flow.StepMachine:StartSync (UnityEngine.Events.UnityAction)
Flow.FlowGame/<StartSync>d__10:MoveNext () (at Assets/Scripts/Hotfix/FlowSystem/FlowGame.cs:57)
System.Runtime.CompilerServices.AsyncTaskMethodBuilder:Start<Flow.FlowGame/<StartSync>d__10> (Flow.FlowGame/<StartSync>d__10&)
Flow.FlowGame:StartSync (UnityEngine.Events.UnityAction)
MainStep/<StartFlow>d__1:MoveNext () (at Assets/Scripts/Hotfix/FlowSystem/MainStep.cs:27)
System.Runtime.CompilerServices.AsyncVoidMethodBuilder:Start<MainStep/<StartFlow>d__1> (MainStep/<StartFlow>d__1&)
MainStep:StartFlow ()
MainStep:Awake () (at Assets/Scripts/Hotfix/FlowSystem/MainStep.cs:14)
UnityEngine.GameObject:.ctor (string,System.Type[])
Program:Main () (at Assets/Scripts/Hotfix/FlowSystem/Program.cs:27)
UnityEngine.Events.UnityEvent:Invoke ()
MainLogic/<Start>d__1:MoveNext () (at Assets/Scripts/BuildIn/Engine/MainLogic.cs:26)
System.Runtime.CompilerServices.AsyncTaskMethodBuilder:SetResult ()
CheckUpdateCatalog/<CheckUpdte>d__3:MoveNext () (at Assets/Scripts/BuildIn/Engine/CheckUpdateCatalog.cs:47)
UnityEngine.UnitySynchronizationContext:ExecuteTasks ()

[05:53:49]New linker found: Table/taskSystem.bytes
UnityEngine.Debug:Log (object)
AssetLoader/<Init>d__6:MoveNext () (at Assets/Plugins/LrFramework/Engine/Common/AssetLoader/AssetLoader.cs:135)
System.Runtime.CompilerServices.AsyncTaskMethodBuilder:Start<AssetLoader/<Init>d__6> (AssetLoader/<Init>d__6&)
AssetLoader:Init ()
LinkerFlow/<Logic>d__4:MoveNext () (at Assets/Scripts/Hotfix/FlowSystem/Flow/LinkerFlow.cs:15)
System.Runtime.CompilerServices.AsyncTaskMethodBuilder:Start<LinkerFlow/<Logic>d__4> (LinkerFlow/<Logic>d__4&)
LinkerFlow:Logic ()
Flow.StepMachine/<StartSync>d__5:MoveNext () (at Assets/Scripts/Hotfix/FlowSystem/FlowTask.cs:85)
System.Runtime.CompilerServices.AsyncTaskMethodBuilder:Start<Flow.StepMachine/<StartSync>d__5> (Flow.StepMachine/<StartSync>d__5&)
Flow.StepMachine:StartSync (UnityEngine.Events.UnityAction)
Flow.FlowGame/<StartSync>d__10:MoveNext () (at Assets/Scripts/Hotfix/FlowSystem/FlowGame.cs:57)
System.Runtime.CompilerServices.AsyncTaskMethodBuilder:Start<Flow.FlowGame/<StartSync>d__10> (Flow.FlowGame/<StartSync>d__10&)
Flow.FlowGame:StartSync (UnityEngine.Events.UnityAction)
MainStep/<StartFlow>d__1:MoveNext () (at Assets/Scripts/Hotfix/FlowSystem/MainStep.cs:27)
System.Runtime.CompilerServices.AsyncVoidMethodBuilder:Start<MainStep/<StartFlow>d__1> (MainStep/<StartFlow>d__1&)
MainStep:StartFlow ()
MainStep:Awake () (at Assets/Scripts/Hotfix/FlowSystem/MainStep.cs:14)
UnityEngine.GameObject:.ctor (string,System.Type[])
Program:Main () (at Assets/Scripts/Hotfix/FlowSystem/Program.cs:27)
UnityEngine.Events.UnityEvent:Invoke ()
MainLogic/<Start>d__1:MoveNext () (at Assets/Scripts/BuildIn/Engine/MainLogic.cs:26)
System.Runtime.CompilerServices.AsyncTaskMethodBuilder:SetResult ()
CheckUpdateCatalog/<CheckUpdte>d__3:MoveNext () (at Assets/Scripts/BuildIn/Engine/CheckUpdateCatalog.cs:47)
UnityEngine.UnitySynchronizationContext:ExecuteTasks ()

[05:53:49]New linker found: Table/ultimateTable.bytes
UnityEngine.Debug:Log (object)
AssetLoader/<Init>d__6:MoveNext () (at Assets/Plugins/LrFramework/Engine/Common/AssetLoader/AssetLoader.cs:135)
System.Runtime.CompilerServices.AsyncTaskMethodBuilder:Start<AssetLoader/<Init>d__6> (AssetLoader/<Init>d__6&)
AssetLoader:Init ()
LinkerFlow/<Logic>d__4:MoveNext () (at Assets/Scripts/Hotfix/FlowSystem/Flow/LinkerFlow.cs:15)
System.Runtime.CompilerServices.AsyncTaskMethodBuilder:Start<LinkerFlow/<Logic>d__4> (LinkerFlow/<Logic>d__4&)
LinkerFlow:Logic ()
Flow.StepMachine/<StartSync>d__5:MoveNext () (at Assets/Scripts/Hotfix/FlowSystem/FlowTask.cs:85)
System.Runtime.CompilerServices.AsyncTaskMethodBuilder:Start<Flow.StepMachine/<StartSync>d__5> (Flow.StepMachine/<StartSync>d__5&)
Flow.StepMachine:StartSync (UnityEngine.Events.UnityAction)
Flow.FlowGame/<StartSync>d__10:MoveNext () (at Assets/Scripts/Hotfix/FlowSystem/FlowGame.cs:57)
System.Runtime.CompilerServices.AsyncTaskMethodBuilder:Start<Flow.FlowGame/<StartSync>d__10> (Flow.FlowGame/<StartSync>d__10&)
Flow.FlowGame:StartSync (UnityEngine.Events.UnityAction)
MainStep/<StartFlow>d__1:MoveNext () (at Assets/Scripts/Hotfix/FlowSystem/MainStep.cs:27)
System.Runtime.CompilerServices.AsyncVoidMethodBuilder:Start<MainStep/<StartFlow>d__1> (MainStep/<StartFlow>d__1&)
MainStep:StartFlow ()
MainStep:Awake () (at Assets/Scripts/Hotfix/FlowSystem/MainStep.cs:14)
UnityEngine.GameObject:.ctor (string,System.Type[])
Program:Main () (at Assets/Scripts/Hotfix/FlowSystem/Program.cs:27)
UnityEngine.Events.UnityEvent:Invoke ()
MainLogic/<Start>d__1:MoveNext () (at Assets/Scripts/BuildIn/Engine/MainLogic.cs:26)
System.Runtime.CompilerServices.AsyncTaskMethodBuilder:SetResult ()
CheckUpdateCatalog/<CheckUpdte>d__3:MoveNext () (at Assets/Scripts/BuildIn/Engine/CheckUpdateCatalog.cs:47)
UnityEngine.UnitySynchronizationContext:ExecuteTasks ()

[05:53:49]linker removed: Streamable/Ss 1.st
UnityEngine.Debug:Log (object)
AssetLoader/<Init>d__6:MoveNext () (at Assets/Plugins/LrFramework/Engine/Common/AssetLoader/AssetLoader.cs:145)
System.Runtime.CompilerServices.AsyncTaskMethodBuilder:Start<AssetLoader/<Init>d__6> (AssetLoader/<Init>d__6&)
AssetLoader:Init ()
LinkerFlow/<Logic>d__4:MoveNext () (at Assets/Scripts/Hotfix/FlowSystem/Flow/LinkerFlow.cs:15)
System.Runtime.CompilerServices.AsyncTaskMethodBuilder:Start<LinkerFlow/<Logic>d__4> (LinkerFlow/<Logic>d__4&)
LinkerFlow:Logic ()
Flow.StepMachine/<StartSync>d__5:MoveNext () (at Assets/Scripts/Hotfix/FlowSystem/FlowTask.cs:85)
System.Runtime.CompilerServices.AsyncTaskMethodBuilder:Start<Flow.StepMachine/<StartSync>d__5> (Flow.StepMachine/<StartSync>d__5&)
Flow.StepMachine:StartSync (UnityEngine.Events.UnityAction)
Flow.FlowGame/<StartSync>d__10:MoveNext () (at Assets/Scripts/Hotfix/FlowSystem/FlowGame.cs:57)
System.Runtime.CompilerServices.AsyncTaskMethodBuilder:Start<Flow.FlowGame/<StartSync>d__10> (Flow.FlowGame/<StartSync>d__10&)
Flow.FlowGame:StartSync (UnityEngine.Events.UnityAction)
MainStep/<StartFlow>d__1:MoveNext () (at Assets/Scripts/Hotfix/FlowSystem/MainStep.cs:27)
System.Runtime.CompilerServices.AsyncVoidMethodBuilder:Start<MainStep/<StartFlow>d__1> (MainStep/<StartFlow>d__1&)
MainStep:StartFlow ()
MainStep:Awake () (at Assets/Scripts/Hotfix/FlowSystem/MainStep.cs:14)
UnityEngine.GameObject:.ctor (string,System.Type[])
Program:Main () (at Assets/Scripts/Hotfix/FlowSystem/Program.cs:27)
UnityEngine.Events.UnityEvent:Invoke ()
MainLogic/<Start>d__1:MoveNext () (at Assets/Scripts/BuildIn/Engine/MainLogic.cs:26)
System.Runtime.CompilerServices.AsyncTaskMethodBuilder:SetResult ()
CheckUpdateCatalog/<CheckUpdte>d__3:MoveNext () (at Assets/Scripts/BuildIn/Engine/CheckUpdateCatalog.cs:47)
UnityEngine.UnitySynchronizationContext:ExecuteTasks ()

[05:53:49]linker removed: Streamable/Ss.st
UnityEngine.Debug:Log (object)
AssetLoader/<Init>d__6:MoveNext () (at Assets/Plugins/LrFramework/Engine/Common/AssetLoader/AssetLoader.cs:145)
System.Runtime.CompilerServices.AsyncTaskMethodBuilder:Start<AssetLoader/<Init>d__6> (AssetLoader/<Init>d__6&)
AssetLoader:Init ()
LinkerFlow/<Logic>d__4:MoveNext () (at Assets/Scripts/Hotfix/FlowSystem/Flow/LinkerFlow.cs:15)
System.Runtime.CompilerServices.AsyncTaskMethodBuilder:Start<LinkerFlow/<Logic>d__4> (LinkerFlow/<Logic>d__4&)
LinkerFlow:Logic ()
Flow.StepMachine/<StartSync>d__5:MoveNext () (at Assets/Scripts/Hotfix/FlowSystem/FlowTask.cs:85)
System.Runtime.CompilerServices.AsyncTaskMethodBuilder:Start<Flow.StepMachine/<StartSync>d__5> (Flow.StepMachine/<StartSync>d__5&)
Flow.StepMachine:StartSync (UnityEngine.Events.UnityAction)
Flow.FlowGame/<StartSync>d__10:MoveNext () (at Assets/Scripts/Hotfix/FlowSystem/FlowGame.cs:57)
System.Runtime.CompilerServices.AsyncTaskMethodBuilder:Start<Flow.FlowGame/<StartSync>d__10> (Flow.FlowGame/<StartSync>d__10&)
Flow.FlowGame:StartSync (UnityEngine.Events.UnityAction)
MainStep/<StartFlow>d__1:MoveNext () (at Assets/Scripts/Hotfix/FlowSystem/MainStep.cs:27)
System.Runtime.CompilerServices.AsyncVoidMethodBuilder:Start<MainStep/<StartFlow>d__1> (MainStep/<StartFlow>d__1&)
MainStep:StartFlow ()
MainStep:Awake () (at Assets/Scripts/Hotfix/FlowSystem/MainStep.cs:14)
UnityEngine.GameObject:.ctor (string,System.Type[])
Program:Main () (at Assets/Scripts/Hotfix/FlowSystem/Program.cs:27)
UnityEngine.Events.UnityEvent:Invoke ()
MainLogic/<Start>d__1:MoveNext () (at Assets/Scripts/BuildIn/Engine/MainLogic.cs:26)
System.Runtime.CompilerServices.AsyncTaskMethodBuilder:SetResult ()
CheckUpdateCatalog/<CheckUpdte>d__3:MoveNext () (at Assets/Scripts/BuildIn/Engine/CheckUpdateCatalog.cs:47)
UnityEngine.UnitySynchronizationContext:ExecuteTasks ()

[05:53:49]linker removed: Streamable/TR1.st
UnityEngine.Debug:Log (object)
AssetLoader/<Init>d__6:MoveNext () (at Assets/Plugins/LrFramework/Engine/Common/AssetLoader/AssetLoader.cs:145)
System.Runtime.CompilerServices.AsyncTaskMethodBuilder:Start<AssetLoader/<Init>d__6> (AssetLoader/<Init>d__6&)
AssetLoader:Init ()
LinkerFlow/<Logic>d__4:MoveNext () (at Assets/Scripts/Hotfix/FlowSystem/Flow/LinkerFlow.cs:15)
System.Runtime.CompilerServices.AsyncTaskMethodBuilder:Start<LinkerFlow/<Logic>d__4> (LinkerFlow/<Logic>d__4&)
LinkerFlow:Logic ()
Flow.StepMachine/<StartSync>d__5:MoveNext () (at Assets/Scripts/Hotfix/FlowSystem/FlowTask.cs:85)
System.Runtime.CompilerServices.AsyncTaskMethodBuilder:Start<Flow.StepMachine/<StartSync>d__5> (Flow.StepMachine/<StartSync>d__5&)
Flow.StepMachine:StartSync (UnityEngine.Events.UnityAction)
Flow.FlowGame/<StartSync>d__10:MoveNext () (at Assets/Scripts/Hotfix/FlowSystem/FlowGame.cs:57)
System.Runtime.CompilerServices.AsyncTaskMethodBuilder:Start<Flow.FlowGame/<StartSync>d__10> (Flow.FlowGame/<StartSync>d__10&)
Flow.FlowGame:StartSync (UnityEngine.Events.UnityAction)
MainStep/<StartFlow>d__1:MoveNext () (at Assets/Scripts/Hotfix/FlowSystem/MainStep.cs:27)
System.Runtime.CompilerServices.AsyncVoidMethodBuilder:Start<MainStep/<StartFlow>d__1> (MainStep/<StartFlow>d__1&)
MainStep:StartFlow ()
MainStep:Awake () (at Assets/Scripts/Hotfix/FlowSystem/MainStep.cs:14)
UnityEngine.GameObject:.ctor (string,System.Type[])
Program:Main () (at Assets/Scripts/Hotfix/FlowSystem/Program.cs:27)
UnityEngine.Events.UnityEvent:Invoke ()
MainLogic/<Start>d__1:MoveNext () (at Assets/Scripts/BuildIn/Engine/MainLogic.cs:26)
System.Runtime.CompilerServices.AsyncTaskMethodBuilder:SetResult ()
CheckUpdateCatalog/<CheckUpdte>d__3:MoveNext () (at Assets/Scripts/BuildIn/Engine/CheckUpdateCatalog.cs:47)
UnityEngine.UnitySynchronizationContext:ExecuteTasks ()

[05:53:49]linker removed: Streamable/TR2.st
UnityEngine.Debug:Log (object)
AssetLoader/<Init>d__6:MoveNext () (at Assets/Plugins/LrFramework/Engine/Common/AssetLoader/AssetLoader.cs:145)
System.Runtime.CompilerServices.AsyncTaskMethodBuilder:Start<AssetLoader/<Init>d__6> (AssetLoader/<Init>d__6&)
AssetLoader:Init ()
LinkerFlow/<Logic>d__4:MoveNext () (at Assets/Scripts/Hotfix/FlowSystem/Flow/LinkerFlow.cs:15)
System.Runtime.CompilerServices.AsyncTaskMethodBuilder:Start<LinkerFlow/<Logic>d__4> (LinkerFlow/<Logic>d__4&)
LinkerFlow:Logic ()
Flow.StepMachine/<StartSync>d__5:MoveNext () (at Assets/Scripts/Hotfix/FlowSystem/FlowTask.cs:85)
System.Runtime.CompilerServices.AsyncTaskMethodBuilder:Start<Flow.StepMachine/<StartSync>d__5> (Flow.StepMachine/<StartSync>d__5&)
Flow.StepMachine:StartSync (UnityEngine.Events.UnityAction)
Flow.FlowGame/<StartSync>d__10:MoveNext () (at Assets/Scripts/Hotfix/FlowSystem/FlowGame.cs:57)
System.Runtime.CompilerServices.AsyncTaskMethodBuilder:Start<Flow.FlowGame/<StartSync>d__10> (Flow.FlowGame/<StartSync>d__10&)
Flow.FlowGame:StartSync (UnityEngine.Events.UnityAction)
MainStep/<StartFlow>d__1:MoveNext () (at Assets/Scripts/Hotfix/FlowSystem/MainStep.cs:27)
System.Runtime.CompilerServices.AsyncVoidMethodBuilder:Start<MainStep/<StartFlow>d__1> (MainStep/<StartFlow>d__1&)
MainStep:StartFlow ()
MainStep:Awake () (at Assets/Scripts/Hotfix/FlowSystem/MainStep.cs:14)
UnityEngine.GameObject:.ctor (string,System.Type[])
Program:Main () (at Assets/Scripts/Hotfix/FlowSystem/Program.cs:27)
UnityEngine.Events.UnityEvent:Invoke ()
MainLogic/<Start>d__1:MoveNext () (at Assets/Scripts/BuildIn/Engine/MainLogic.cs:26)
System.Runtime.CompilerServices.AsyncTaskMethodBuilder:SetResult ()
CheckUpdateCatalog/<CheckUpdte>d__3:MoveNext () (at Assets/Scripts/BuildIn/Engine/CheckUpdateCatalog.cs:47)
UnityEngine.UnitySynchronizationContext:ExecuteTasks ()

[05:53:49]进度：0.2
UnityEngine.Debug:Log (object)
MainStep/<>c:<StartFlow>b__1_0 () (at Assets/Scripts/Hotfix/FlowSystem/MainStep.cs:29)
Flow.StepMachine/<StartSync>d__5:MoveNext () (at Assets/Scripts/Hotfix/FlowSystem/FlowTask.cs:87)
System.Runtime.CompilerServices.AsyncTaskMethodBuilder:SetResult ()
LinkerFlow/<Logic>d__4:MoveNext () (at Assets/Scripts/Hotfix/FlowSystem/Flow/LinkerFlow.cs:16)
System.Runtime.CompilerServices.AsyncTaskMethodBuilder:SetResult ()
AssetLoader/<Init>d__6:MoveNext () (at Assets/Plugins/LrFramework/Engine/Common/AssetLoader/AssetLoader.cs:175)
System.Runtime.CompilerServices.AsyncTaskMethodBuilder:SetResult ()
AssetLoader/<Stream2Cache>d__7:MoveNext () (at Assets/Plugins/LrFramework/Engine/Common/AssetLoader/AssetLoader.cs:208)
System.Runtime.CompilerServices.AsyncMethodBuilderCore/MoveNextRunner:Run ()
IEnumeratorAwaitExtensions:RunOnUnityScheduler (System.Action) (at Assets/Plugins/LrFramework/Engine/Async_UniRx/Source/IEnumeratorAwaitExtensions.cs:124)
IEnumeratorAwaitExtensions/SimpleCoroutineAwaiter`1<UnityEngine.AsyncOperation>:Complete (UnityEngine.AsyncOperation,System.Exception) (at Assets/Plugins/LrFramework/Engine/Async_UniRx/Source/IEnumeratorAwaitExtensions.cs:176)
IEnumeratorAwaitExtensions/InstructionWrappers/<ReturnSelf>d__2`1<UnityEngine.AsyncOperation>:MoveNext () (at Assets/Plugins/LrFramework/Engine/Async_UniRx/Source/IEnumeratorAwaitExtensions.cs:382)
UnityEngine.SetupCoroutine:InvokeMoveNext (System.Collections.IEnumerator,intptr)

[05:53:49]加载场景
UnityEngine.Debug:Log (object)
SceneFlow/<Logic>d__4:MoveNext () (at Assets/Scripts/Hotfix/FlowSystem/Flow/SceneFlow.cs:16)
System.Runtime.CompilerServices.AsyncTaskMethodBuilder:Start<SceneFlow/<Logic>d__4> (SceneFlow/<Logic>d__4&)
SceneFlow:Logic ()
Flow.StepMachine/<StartSync>d__5:MoveNext () (at Assets/Scripts/Hotfix/FlowSystem/FlowTask.cs:85)
System.Runtime.CompilerServices.AsyncTaskMethodBuilder:SetResult ()
LinkerFlow/<Logic>d__4:MoveNext () (at Assets/Scripts/Hotfix/FlowSystem/Flow/LinkerFlow.cs:16)
System.Runtime.CompilerServices.AsyncTaskMethodBuilder:SetResult ()
AssetLoader/<Init>d__6:MoveNext () (at Assets/Plugins/LrFramework/Engine/Common/AssetLoader/AssetLoader.cs:175)
System.Runtime.CompilerServices.AsyncTaskMethodBuilder:SetResult ()
AssetLoader/<Stream2Cache>d__7:MoveNext () (at Assets/Plugins/LrFramework/Engine/Common/AssetLoader/AssetLoader.cs:208)
System.Runtime.CompilerServices.AsyncMethodBuilderCore/MoveNextRunner:Run ()
IEnumeratorAwaitExtensions:RunOnUnityScheduler (System.Action) (at Assets/Plugins/LrFramework/Engine/Async_UniRx/Source/IEnumeratorAwaitExtensions.cs:124)
IEnumeratorAwaitExtensions/SimpleCoroutineAwaiter`1<UnityEngine.AsyncOperation>:Complete (UnityEngine.AsyncOperation,System.Exception) (at Assets/Plugins/LrFramework/Engine/Async_UniRx/Source/IEnumeratorAwaitExtensions.cs:176)
IEnumeratorAwaitExtensions/InstructionWrappers/<ReturnSelf>d__2`1<UnityEngine.AsyncOperation>:MoveNext () (at Assets/Plugins/LrFramework/Engine/Async_UniRx/Source/IEnumeratorAwaitExtensions.cs:382)
UnityEngine.SetupCoroutine:InvokeMoveNext (System.Collections.IEnumerator,intptr)

[05:53:50]对象池类型数量：0
UnityEngine.Debug:Log (object)
PoolMgr:SetSortArray () (at Assets/Plugins/LrFramework/Engine/Common/Pool/Engine/PoolMgr.cs:47)
PoolMgr:Awake () (at Assets/Plugins/LrFramework/Engine/Common/Pool/Engine/PoolMgr.cs:41)

[05:53:50]Scene hotfix is loaded
UnityEngine.Debug:Log (object)
Reporter:_OnLevelWasLoaded (UnityEngine.SceneManagement.Scene,UnityEngine.SceneManagement.LoadSceneMode) (at Assets/Plugins/UnityLogViewer/Reporter/Reporter.cs:2055)
UnityEngine.SceneManagement.SceneManager:Internal_SceneLoaded (UnityEngine.SceneManagement.Scene,UnityEngine.SceneManagement.LoadSceneMode)

[05:53:50]改变场景：Main
UnityEngine.Debug:Log (object)
ExtendUpdate:SceneManager_sceneLoaded (UnityEngine.SceneManagement.Scene,UnityEngine.SceneManagement.LoadSceneMode) (at Assets/Plugins/LrFramework/Engine/Common/Core/Extend/ExtendUpdate.cs:51)
UnityEngine.SceneManagement.SceneManager:Internal_SceneLoaded (UnityEngine.SceneManagement.Scene,UnityEngine.SceneManagement.LoadSceneMode)


[05:53:52]进度：0.4
UnityEngine.Debug:Log (object)
MainStep/<>c:<StartFlow>b__1_0 () (at Assets/Scripts/Hotfix/FlowSystem/MainStep.cs:29)
Flow.StepMachine/<StartSync>d__5:MoveNext () (at Assets/Scripts/Hotfix/FlowSystem/FlowTask.cs:87)
System.Runtime.CompilerServices.AsyncTaskMethodBuilder:SetResult ()
SceneFlow/<Logic>d__4:MoveNext () (at Assets/Scripts/Hotfix/FlowSystem/Flow/SceneFlow.cs:21)
UnityEngine.UnitySynchronizationContext:ExecuteTasks ()

[05:53:52]进度：0.6
UnityEngine.Debug:Log (object)
MainStep/<>c:<StartFlow>b__1_0 () (at Assets/Scripts/Hotfix/FlowSystem/MainStep.cs:29)
Flow.StepMachine/<StartSync>d__5:MoveNext () (at Assets/Scripts/Hotfix/FlowSystem/FlowTask.cs:87)
System.Runtime.CompilerServices.AsyncTaskMethodBuilder:SetResult ()
SceneFlow/<Logic>d__4:MoveNext () (at Assets/Scripts/Hotfix/FlowSystem/Flow/SceneFlow.cs:21)
UnityEngine.UnitySynchronizationContext:ExecuteTasks ()

[05:53:52]加载Table 
UnityEngine.Debug:Log (object)
TableFlow:Logic () (at Assets/Scripts/Hotfix/FlowSystem/Flow/TableFlow.cs:15)
Flow.StepMachine/<StartSync>d__5:MoveNext () (at Assets/Scripts/Hotfix/FlowSystem/FlowTask.cs:85)
System.Runtime.CompilerServices.AsyncTaskMethodBuilder:SetResult ()
SceneFlow/<Logic>d__4:MoveNext () (at Assets/Scripts/Hotfix/FlowSystem/Flow/SceneFlow.cs:21)
UnityEngine.UnitySynchronizationContext:ExecuteTasks ()

[05:53:52]加载配置表:enemy
UnityEngine.Debug:Log (object,UnityEngine.Object)
LogInfo.Info:Log (string)
Table.TableManager:LoadMethod<int, Table.enemy> (System.Type) (at Assets/Plugins/LrFramework/Engine/Common/Table/TableManager.cs:102)
Table.TableLib:InitTable () (at Assets/Scripts/Hotfix/Table/TableLib.cs:12)
TableFlow:Logic () (at Assets/Scripts/Hotfix/FlowSystem/Flow/TableFlow.cs:16)
Flow.StepMachine/<StartSync>d__5:MoveNext () (at Assets/Scripts/Hotfix/FlowSystem/FlowTask.cs:85)
System.Runtime.CompilerServices.AsyncTaskMethodBuilder:SetResult ()
SceneFlow/<Logic>d__4:MoveNext () (at Assets/Scripts/Hotfix/FlowSystem/Flow/SceneFlow.cs:21)
UnityEngine.UnitySynchronizationContext:ExecuteTasks ()

[05:53:52]加载配置表:taskSystem
UnityEngine.Debug:Log (object,UnityEngine.Object)
LogInfo.Info:Log (string)
Table.TableManager:LoadMethod<int, Table.taskSystem> (System.Type) (at Assets/Plugins/LrFramework/Engine/Common/Table/TableManager.cs:102)
Table.TableLib:InitTable () (at Assets/Scripts/Hotfix/Table/TableLib.cs:14)
TableFlow:Logic () (at Assets/Scripts/Hotfix/FlowSystem/Flow/TableFlow.cs:16)
Flow.StepMachine/<StartSync>d__5:MoveNext () (at Assets/Scripts/Hotfix/FlowSystem/FlowTask.cs:85)
System.Runtime.CompilerServices.AsyncTaskMethodBuilder:SetResult ()
SceneFlow/<Logic>d__4:MoveNext () (at Assets/Scripts/Hotfix/FlowSystem/Flow/SceneFlow.cs:21)
UnityEngine.UnitySynchronizationContext:ExecuteTasks ()

[05:53:52]加载配置表:shareTable
UnityEngine.Debug:Log (object,UnityEngine.Object)
LogInfo.Info:Log (string)
Table.TableManager:LoadMethod<int, Table.shareTable> (System.Type) (at Assets/Plugins/LrFramework/Engine/Common/Table/TableManager.cs:102)
Table.TableLib:InitTable () (at Assets/Scripts/Hotfix/Table/TableLib.cs:16)
TableFlow:Logic () (at Assets/Scripts/Hotfix/FlowSystem/Flow/TableFlow.cs:16)
Flow.StepMachine/<StartSync>d__5:MoveNext () (at Assets/Scripts/Hotfix/FlowSystem/FlowTask.cs:85)
System.Runtime.CompilerServices.AsyncTaskMethodBuilder:SetResult ()
SceneFlow/<Logic>d__4:MoveNext () (at Assets/Scripts/Hotfix/FlowSystem/Flow/SceneFlow.cs:21)
UnityEngine.UnitySynchronizationContext:ExecuteTasks ()

[05:53:52]加载配置表:ultimateTable
UnityEngine.Debug:Log (object,UnityEngine.Object)
LogInfo.Info:Log (string)
Table.TableManager:LoadMethod<int, Table.ultimateTable> (System.Type) (at Assets/Plugins/LrFramework/Engine/Common/Table/TableManager.cs:102)
Table.TableLib:InitTable () (at Assets/Scripts/Hotfix/Table/TableLib.cs:18)
TableFlow:Logic () (at Assets/Scripts/Hotfix/FlowSystem/Flow/TableFlow.cs:16)
Flow.StepMachine/<StartSync>d__5:MoveNext () (at Assets/Scripts/Hotfix/FlowSystem/FlowTask.cs:85)
System.Runtime.CompilerServices.AsyncTaskMethodBuilder:SetResult ()
SceneFlow/<Logic>d__4:MoveNext () (at Assets/Scripts/Hotfix/FlowSystem/Flow/SceneFlow.cs:21)
UnityEngine.UnitySynchronizationContext:ExecuteTasks ()

[05:53:52]加载配置表:energy
UnityEngine.Debug:Log (object,UnityEngine.Object)
LogInfo.Info:Log (string)
Table.TableManager:LoadMethod<int, Table.energy> (System.Type) (at Assets/Plugins/LrFramework/Engine/Common/Table/TableManager.cs:102)
Table.TableLib:InitTable () (at Assets/Scripts/Hotfix/Table/TableLib.cs:20)
TableFlow:Logic () (at Assets/Scripts/Hotfix/FlowSystem/Flow/TableFlow.cs:16)
Flow.StepMachine/<StartSync>d__5:MoveNext () (at Assets/Scripts/Hotfix/FlowSystem/FlowTask.cs:85)
System.Runtime.CompilerServices.AsyncTaskMethodBuilder:SetResult ()
SceneFlow/<Logic>d__4:MoveNext () (at Assets/Scripts/Hotfix/FlowSystem/Flow/SceneFlow.cs:21)
UnityEngine.UnitySynchronizationContext:ExecuteTasks ()

[05:53:52]加载配置表:party
UnityEngine.Debug:Log (object,UnityEngine.Object)
LogInfo.Info:Log (string)
Table.TableManager:LoadMethod<int, Table.party> (System.Type) (at Assets/Plugins/LrFramework/Engine/Common/Table/TableManager.cs:102)
Table.TableLib:InitTable () (at Assets/Scripts/Hotfix/Table/TableLib.cs:22)
TableFlow:Logic () (at Assets/Scripts/Hotfix/FlowSystem/Flow/TableFlow.cs:16)
Flow.StepMachine/<StartSync>d__5:MoveNext () (at Assets/Scripts/Hotfix/FlowSystem/FlowTask.cs:85)
System.Runtime.CompilerServices.AsyncTaskMethodBuilder:SetResult ()
SceneFlow/<Logic>d__4:MoveNext () (at Assets/Scripts/Hotfix/FlowSystem/Flow/SceneFlow.cs:21)
UnityEngine.UnitySynchronizationContext:ExecuteTasks ()

[05:53:53]进度：0.8
UnityEngine.Debug:Log (object)
MainStep/<>c:<StartFlow>b__1_0 () (at Assets/Scripts/Hotfix/FlowSystem/MainStep.cs:29)
Flow.StepMachine/<StartSync>d__5:MoveNext () (at Assets/Scripts/Hotfix/FlowSystem/FlowTask.cs:87)
UnityEngine.UnitySynchronizationContext:ExecuteTasks ()

[05:53:53]进度：1
UnityEngine.Debug:Log (object)
MainStep/<>c:<StartFlow>b__1_0 () (at Assets/Scripts/Hotfix/FlowSystem/MainStep.cs:29)
Flow.StepMachine/<StartSync>d__5:MoveNext () (at Assets/Scripts/Hotfix/FlowSystem/FlowTask.cs:87)
UnityEngine.UnitySynchronizationContext:ExecuteTasks ()

[05:53:53]处理流程逻辑后事件
UnityEngine.Debug:Log (object)
Flow.FlowAppend:Postfix () (at Assets/Scripts/Hotfix/FlowSystem/FlowAppend.cs:34)
MainStep/<StartFlow>d__1:MoveNext () (at Assets/Scripts/Hotfix/FlowSystem/MainStep.cs:33)
System.Runtime.CompilerServices.AsyncTaskMethodBuilder:SetResult ()
Flow.FlowGame/<StartSync>d__10:MoveNext () (at Assets/Scripts/Hotfix/FlowSystem/FlowGame.cs:58)
System.Runtime.CompilerServices.AsyncTaskMethodBuilder:SetResult ()
Flow.StepMachine/<StartSync>d__5:MoveNext () (at Assets/Scripts/Hotfix/FlowSystem/FlowTask.cs:90)
UnityEngine.UnitySynchronizationContext:ExecuteTasks ()

[05:53:53]BaseSettingAppend Postfix
UnityEngine.Debug:Log (object)
BaseSettingAppend:Postfix () (at Assets/Scripts/Hotfix/FlowSystem/Append/BaseSettingAppend.cs:10)
Flow.FlowAppend:Postfix () (at Assets/Scripts/Hotfix/FlowSystem/FlowAppend.cs:37)
MainStep/<StartFlow>d__1:MoveNext () (at Assets/Scripts/Hotfix/FlowSystem/MainStep.cs:33)
System.Runtime.CompilerServices.AsyncTaskMethodBuilder:SetResult ()
Flow.FlowGame/<StartSync>d__10:MoveNext () (at Assets/Scripts/Hotfix/FlowSystem/FlowGame.cs:58)
System.Runtime.CompilerServices.AsyncTaskMethodBuilder:SetResult ()
Flow.StepMachine/<StartSync>d__5:MoveNext () (at Assets/Scripts/Hotfix/FlowSystem/FlowTask.cs:90)
UnityEngine.UnitySynchronizationContext:ExecuteTasks ()


[05:53:57]NullReferenceException: Object reference not set to an instance of an object
Test.Start () (at Assets/Scripts/Hotfix/Test.cs:28)


